setup_mcfmbridge()
 ************** MCFM - version 6.8 ****************
 *                                                *
 * MCFM, v6.8                   April 26th, 2014  *
 *                                                *
 * Authors: John Campbell, Keith Ellis,           *
 *          Ciaran Williams                       *
 *         (johnmc@fnal.gov, ellis@fnal.gov,      *
 *          ciaran@fnal.gov)                      *
 *                                                *
 * For details see:                               *
 *                                                *
 *  arXiv:1403.2641 (Triphoton production)        *
 *  arXiv:1312.1628 (gg->WW, Higgs interference)  *
 *  arXiv:1311.3589 (gg->ZZ, Higgs interference)  *
 *  Phys.Rev.D87:114006, arXiv:1302.3856          *
 *  (tZ, tH -- with R. Rontsch)                   *
 *  arXiv:1211.6390 (DM, P. Fox and C. Williams)  *
 *  JHEP 1211:162 (2012), arXiv:1208.0566         *
 *  (Z+gam+jet,Z+gam+gam -- with H. Hartanto)     *
 *  arXiv:1204.1513 (top production+decay)        *
 *  JHEP 1207:052 (2012), arXiv:1204.5678 (ttW)   *
 *  JHEP 1110:005 (2011), arXiv:1107.5569         *
 *         (gg->WW,Higgs intference)              *
 *  JHEP 1107:018 (2011), arXiv:1105.0020         *
 *         (diboson update)                       *
 *  JHEP 1103:027 (2011), arXiv:1011.6647         *
 *         (Wbb for mb>0, with S. Badger)         *
 *  Phys.Rev.D81:074023, arXiv:1001.4495 (H+2jet) *
 *                                                *
 *  P.R.L. 102:142001, arXiv:0903.0005 [hep-ph]   *
 *    (t-channel single top + explicit b,         *
 *      JC, R.Frederix, F.Maltoni, F.Tramontano)  *
 *  N.P.B 726:109(2005), hep-ph/0506289 (W+t)     *
 *  Phys.Rev.D70:094012, hep-ph/0408158 (Sngl Top)*
 *       (with Francesco Tramontano)              *
 *                                                *
 *  Phys.Rev.D65:113007, hep-ph/0202176 (W,Z+2j)  *
 *  Phys.Rev.D62:114012, hep-ph/0006304 (W,Z+bb)  *
 *  Phys.Rev.D60:113006, hep-ph/9905386 (diboson) *
 *                                                *
 * On the web:  http://mcfm.fnal.gov/             *
 **************************************************

 * Using input file named ATLASWZTOT13TEV81PB_WP.DAT                                              

 * [Flags to specify the mode in which MCFM is run]                                          
 *                   -1            [nevtrequested] 
 *                    F            [creatent] 
 *                    F            [skipnt] 
 *                    F            [dswhisto] 
 *                    T            [creategrid] 
 *                    F            [writetop] 
 *                    F            [writedat] 
 *                    F            [writegnu] 
 *                    F            [writeroot] 
 *                    F            [writepwg] 

 * [General options to specify the process and execution]                                    
 *                    1            [nproc] 
 *                 tota            [part] 
 * ATLASWZTOT13TEV81PB_            [runstring] 
 *           13000.0000            [sqrts] 
 *                    1            [ih1] 
 *                    1            [ih2] 
 *             126.0000            [hmass] 
 *              80.3980            [scale] 
 *              80.3980            [facscale] 
 * no                              [dynamicscale] 
 *                    F            [zerowidth] 
 *                    F            [removebr] 
 *                   10            [itmx1] 
 *               100000            [ncall1] 
 *                   10            [itmx2] 
 *              2000000            [ncall2] 
 *               765931            [ij] 
 *                    F            [dryrun] 
 *                    T            [Qflag] 
 *                    T            [Gflag] 

 * [Heavy quark masses]                                                                      
 *             172.5000            [top mass] 
 *               4.9100            [bottom mass] 
 *               1.5100            [charm mass] 

 * [Pdf selection]                                                                           
 *              cteq6_m            [pdlabel] 
 *                    4            [NGROUP] 
 *                   46            [NSET] 
 * NNPDF30_nlo_as_0118             [LHAPDF group] 
 *                    0            [LHAPDF set] 

 * [Jet definition and event cuts]                                                           
 *               0.0000            [m34min] 
 *           13000.0000            [m34max] 
 *               0.0000            [m56min] 
 *           13000.0000            [m56max] 
 *                    T            [inclusive] 
 *                 ankt            [algorithm] 
 *              15.0000            [ptjetmin] 
 *               0.0000            [etajetmin] 
 *               3.0000            [etajetmax] 
 *               0.5000            [Rcut] 
 *                    T            [makecuts] 
 *              25.0000            [leptpt] 
 *               2.5000            [leptrap] 
 *    0.000,   0.000                [leptveto] 
 *              25.0000            [misspt] 
 *               0.0000            [leptpt2] 
 *              99.0000            [leptrap2] 
 *    0.000,   0.000                [leptveto2] 
 *              50.0000            [mtrans34cut] 
 *               0.0000            [Rjlmin] 
 *               0.0000            [Rllmin] 
 *               0.0000            [delyjjmin] 
 *                    F            [jetsopphem] 
 *                    0            [lbjscheme] 
 *               0.0000            [ptbjetmin] 
 *              99.0000            [etabjetmax] 

 * [Settings for photon processes]                                                           
 *                    F            [frag] 
 *             GdRG__LO            [fragset] 
 *              80.0000            [frag_scale] 
 *              20.0000            [gammpt] 
 *               2.5000            [gammrap] 
 *              20.0000            [gammpt2] 
 *              20.0000            [gammpt3] 
 *               0.0000            [Rgalmin] 
 *               0.4000            [Rgagamin] 
 *               0.4000            [Rgajetmin] 
 *               0.4000            [cone_ang] 
 *               0.5000            [epsilon_h] 

 * [Anomalous couplings of the W and Z]                                                      
 *               0.0000            [delg1_z] 
 *               0.0000            [delk_z] 
 *               0.0000            [delk_g] 
 *               0.0000            [lambda_z] 
 *               0.0000            [lambda_g] 
 *               0.0000            [h1Z] 
 *               0.0000            [h1gam] 
 *               0.0000            [h2Z] 
 *               0.0000            [h2gam] 
 *               0.0000            [h3Z] 
 *               0.0000            [h3gam] 
 *               0.0000            [h4Z] 
 *               0.0000            [h4gam] 
 *               2.0000            [tevscale] 

 * [Anomalous width of the Higgs]                                                            
 *               1.0000            [Gamma_H/Gamma_H(SM)] 

 * [How to resume/save a run]                                                                
 *                    F            [readin] 
 *                    F            [writeout] 
 *                                 [ingridfile] 
 *                                 [outgridfile] 

 * [Technical parameters that should not normally be changed]

 *                    F            [debug] 
 *                    T            [verbose] 
 *                    F            [new_pspace] 
 *                    F            [virtonly] 
 *                    F            [realonly] 
 *                    T            [spira] 
 *                    F            [noglue] 
 *                    F            [ggonly] 
 *                    F            [gqonly] 
 *                    F            [omitgg] 
 *                    F            [vanillafiles] 
 *                    1            [nmin] 
LHAPDF 6.1.6 loading /home/guffanti/software/share/LHAPDF/NNPDF30_nlo_as_0118/NNPDF30_nlo_as_0118_0000.dat
NNPDF30_nlo_as_0118 PDF set, member #0, version 2; LHAPDF ID = 260000
LHAPDF 6.1.6 loading /home/guffanti/software/share/LHAPDF/NNPDF30_nlo_as_0118/NNPDF30_nlo_as_0118_0000.dat
NNPDF30_nlo_as_0118 PDF set, member #0, version 2; LHAPDF ID = 260000
 ***********************************************
 booking the grids Thu Jun 23 15:54:12 2016

Dataset ID: ATLASWZTOT13TEV81PB_WP
ATLAS W+ total cross-section 13 Tev, 81 pb^-1 

Using existing grid file ATLASWZTOT13TEV81PB_WP_tot.root
appl::grid() reading grid from file ATLASWZTOT13TEV81PB_WP_tot.root	version 1.4.70
grid::grid() read ckm matrices
appl::grid::addpdf() creating new lumi_pdf mcfmwp.config
lumi_pdf::lumi_pdf() setting W+ cmk matrix
lumi_pdf::lumi_pdf() mcfmwp.config	combinations 6
appl::grid() read grid, size 2 kB	in 47.403 ms	trim in 0.008 ms
grid::optimise() bin 0		size(untrimmed)=275	size(trimmed)=275
grid::optimise() bin 0		size(untrimmed)=279	size(trimmed)=279
==================================================
appl::grid version 1.4.70	( 6-LO, 6-NLO, initial states, 1 observable bins )
Optimised grid
Unsymmetrised in x1, x2
leading order of processes  0
number of loops for grid    1
x->y coordinate transform:  f2
genpdf in use: mcfmwp.config
--------------------------------------------------
Observable binning: [ 1 bins : -4.9,  4.9 ]
0	 -4.9	-   4.9	   	 x:  [ 40 :	 1.98005e-05 -       1	 : 40 :	 1.98005e-05 -       1	 : 	( order=6 ) ]	 Q2: [ 3 :	 6463.68 -    6464	( order=1 ) ]


 ***********************************************
 *                    2            [nmax] 
 *                    T            [clustering] 
 *                    F            [realwt] 
 *                    0            [colourchoice] 
 *               0.0100            [rtsmin] 
 *               0.0001            [cutoff] 
 *               0.2000            [aii] 
 *               0.2000            [aif] 
 *               0.2000            [afi] 
 *               1.0000            [aff] 
 *               1.0000            [bfi] 
 *               1.0000            [bff] 

 Chooser:process chosen by nproc=           1

 *************************** f(p1)+f(p2) --> ******************************************
 * W^+(-->nu(p3)+e^+(p4))                                                             *
 **************************************************************************************


 *******************************************
 *     MCFM is calling LHAPDF              *
 *                                         *
 *   PDFname NNPDF30_nlo_as_0118.LHpdf     *
 *   PDFmember  0                          *
 *******************************************

 ************** Electroweak parameters **************
 *                                                  *
 *  zmass(+)   91.1876000     wmass(+)  80.3850000  *
 * zwidth(+)    2.4952000    wwidth(+)   2.0850000  *
 *     Gf(+) 0.116637D-04   1/aemmz    132.2342161  *
 *     xw       0.2228972      mtop(+) 172.5000000  *
 *   gwsq       0.4263452       esq      0.0950312  *
 * top width    1.4534783 (LO)                      *
 *    mb        4.9100000        mc      1.5100000  *
 *                                                  *
 * Parameters marked (+) are input, others derived  *
 ****************************************************

 *******************************************
 *     MCFM is calling LHAPDF              *
 *                                         *
 *   PDFname NNPDF30_nlo_as_0118.LHpdf     *
 *   PDFmember  0                          *
 *******************************************


 ***************** CKM mixing matrix ****************
 *                                                  *
 *      Vud=.97419    Vus=.22570    Vub=.35900E-02  *
 *      Vcd=.22560    Vcs=.97334    Vcb=.41500E-01  *
 ****************************************************

 ************* Strong coupling, alpha_s  ************
 *                                                  *
 *       alpha_s (scale)  0.12028768                *
 *       alpha_s (zmass)  0.11800230                *
 *         (using 2-loop running of alpha_s)        *
 ****************************************************

 ****************************************
 *     Cross section in femtobarns      *
 ****************************************


 input parameters for vegas:  ndim=  5  ncall=  98304.
                              it=    0  itmx=   10
                              nprn=  0  alph= 1.50
                              mds=  1   nd= 100
                              xl( 1)=   0.000     xu( 1)=   1.000    
                              xl( 2)=   0.000     xu( 2)=   1.000    
                              xl( 3)=   0.000     xu( 3)=   1.000    
                              xl( 4)=   0.000     xu( 4)=   1.000    
                              xl( 5)=   0.000     xu( 5)=   1.000    

 ****************** Basic mass cuts *****************
 *                                                  *
 *              0.00  <   m34  < 13000.00           *
 *              0.00  <   m56  < 13000.00           *
 ****************************************************

 ****************** Generic cuts ********************
 *                                                  *
 *        pt(lepton)      >    25.00 GeV            *
 *      |eta(lepton)|     <     2.50                *
 *       pt(missing)      >    25.00 GeV            *
 *     pt(2nd+ lepton)    >     0.00 GeV            *
 *   |eta(2nd+ lepton)|   <    99.00                *
 *  (3,4) transverse mass >    50.00 GeV            *
 *      R(jet,lepton)     >     0.00                *
 *     R(lepton,lepton)   >     0.00                *
 * |eta(jet1)-eta(jet2)|  >     0.00                *
 ****************************************************
 Poles cancelled!

************* Integration by Vegas (iteration   1) **************
*                                                               *
*  integral  =  4243180.6       accum. integral =  4243180.6    *
*  std. dev. =  13107.260       accum. std. dev =  13107.260    *
*   max. wt. =    513.627                                       *
*                                                               *
**************   chi**2/iteration = 0.1455E-08   ****************


************* Integration by Vegas (iteration   2) **************
*                                                               *
*  integral  =  4253867.0       accum. integral =  4250489.8    *
*  std. dev. =  8909.6443       accum. std. dev =  7368.4816    *
*   max. wt. =    788.474                                       *
*                                                               *
**************   chi**2/iteration = 0.4502       ****************


************* Integration by Vegas (iteration   3) **************
*                                                               *
*  integral  =  4254317.1       accum. integral =  4252247.9    *
*  std. dev. =  7993.7062       accum. std. dev =  5417.8718    *
*   max. wt. =    788.474                                       *
*                                                               *
**************   chi**2/iteration = 0.2879       ****************


************* Integration by Vegas (iteration   4) **************
*                                                               *
*  integral  =  4243557.9       accum. integral =  4249517.6    *
*  std. dev. =  8004.6016       accum. std. dev =  4486.7543    *
*   max. wt. =    1456.12                                       *
*                                                               *
**************   chi**2/iteration = 0.4608       ****************


************* Integration by Vegas (iteration   5) **************
*                                                               *
*  integral  =  4244444.9       accum. integral =  4248530.9    *
*  std. dev. =  9130.1199       accum. std. dev =  4026.7945    *
*   max. wt. =    4365.92                                       *
*                                                               *
**************   chi**2/iteration = 0.4079       ****************


************* Integration by Vegas (iteration   6) **************
*                                                               *
*  integral  =  4237842.0       accum. integral =  4246428.5    *
*  std. dev. =  8137.9531       accum. std. dev =  3609.1264    *
*   max. wt. =    4365.92                                       *
*                                                               *
**************   chi**2/iteration = 0.6031       ****************


************* Integration by Vegas (iteration   7) **************
*                                                               *
*  integral  =  4244554.1       accum. integral =  4246172.7    *
*  std. dev. =  9077.1233       accum. std. dev =  3353.7502    *
*   max. wt. =    4365.92                                       *
*                                                               *
**************   chi**2/iteration = 0.5089       ****************


************* Integration by Vegas (iteration   8) **************
*                                                               *
*  integral  =  4230803.4       accum. integral =  4244532.0    *
*  std. dev. =  9701.3440       accum. std. dev =  3169.6921    *
*   max. wt. =    4365.92                                       *
*                                                               *
**************   chi**2/iteration = 0.7561       ****************


************* Integration by Vegas (iteration   9) **************
*                                                               *
*  integral  =  4245764.3       accum. integral =  4244688.2    *
*  std. dev. =  8320.0356       accum. std. dev =  2962.0200    *
*   max. wt. =    4365.92                                       *
*                                                               *
**************   chi**2/iteration = 0.6641       ****************


************* Integration by Vegas (iteration  10) **************
*                                                               *
*  integral  =  4265050.3       accum. integral =  4246439.9    *
*  std. dev. =  9654.5341       accum. std. dev =  2831.7451    *
*   max. wt. =    5136.53                                       *
*                                                               *
**************   chi**2/iteration =  1.042       ****************

 ****************************************************
 * Writing out vegas grid to W_only_tota_NNPDF30_80__80__ATLASWZTOT13TEV81PB_WP_dvegas_virt.grid                                                          *
 ****************************************************
 Adjusting number of points for real to     1000000

 input parameters for vegas:  ndim=  7  ncall= 839808.
                              it=   11  itmx=   10
                              nprn=  0  alph= 1.50
                              mds=  1   nd= 100
                              xl( 1)=   0.000     xu( 1)=   1.000    
                              xl( 2)=   0.000     xu( 2)=   1.000    
                              xl( 3)=   0.000     xu( 3)=   1.000    
                              xl( 4)=   0.000     xu( 4)=   1.000    
                              xl( 5)=   0.000     xu( 5)=   1.000    
                              xl( 6)=   0.000     xu( 6)=   1.000    
                              xl( 7)=   0.000     xu( 7)=   1.000    

 *********** Basic jet-defining parameters **********
 *     (Anti-kt algorithm - see arXiv:0802.1189)    *
 *                                                  *
 *     pt(jet)         >  15.0000                   *
 *   |pseudo-rap(jet)| >   0.0000                   *
 *   |pseudo-rap(jet)| <   3.0000                   *
 * pseudo-cone size, R :   0.5000                   *
 *                                                  *
 *    Cross-section defined by:   0 <= jets <= 1    *
 ****************************************************

************* Integration by Vegas (iteration   1) **************
*                                                               *
*  integral  =  23341.643       accum. integral =  23341.643    *
*  std. dev. =  64595.228       accum. std. dev =  64595.228    *
*   max. wt. =    52924.7                                       *
*                                                               *
**************   chi**2/iteration =  0.000       ****************


************* Integration by Vegas (iteration   2) **************
*                                                               *
*  integral  =  53167.332       accum. integral =  51943.581    *
*  std. dev. =  13361.316       accum. std. dev =  13084.337    *
*   max. wt. =    52924.7                                       *
*                                                               *
**************   chi**2/iteration = 0.2024       ****************


************* Integration by Vegas (iteration   3) **************
*                                                               *
*  integral  = -10383.536       accum. integral =  31194.868    *
*  std. dev. =  18522.093       accum. std. dev =  10686.786    *
*   max. wt. =    52924.7                                       *
*                                                               *
**************   chi**2/iteration =  3.860       ****************


************* Integration by Vegas (iteration   4) **************
*                                                               *
*  integral  =  37607.463       accum. integral =  35215.830    *
*  std. dev. =  8241.9391       accum. std. dev =  6526.4570    *
*   max. wt. =    52924.7                                       *
*                                                               *
**************   chi**2/iteration =  2.652       ****************


************* Integration by Vegas (iteration   5) **************
*                                                               *
*  integral  =  28091.942       accum. integral =  31226.417    *
*  std. dev. =  5785.0266       accum. std. dev =  4329.1370    *
*   max. wt. =    52924.7                                       *
*                                                               *
**************   chi**2/iteration =  2.157       ****************


************* Integration by Vegas (iteration   6) **************
*                                                               *
*  integral  =  16303.826       accum. integral =  26299.220    *
*  std. dev. =  6165.9684       accum. std. dev =  3543.0653    *
*   max. wt. =    52924.7                                       *
*                                                               *
**************   chi**2/iteration =  2.510       ****************


************* Integration by Vegas (iteration   7) **************
*                                                               *
*  integral  =  23698.739       accum. integral =  25477.999    *
*  std. dev. =  5215.1773       accum. std. dev =  2930.7050    *
*   max. wt. =    52924.7                                       *
*                                                               *
**************   chi**2/iteration =  2.121       ****************


************* Integration by Vegas (iteration   8) **************
*                                                               *
*  integral  =  18679.682       accum. integral =  23700.678    *
*  std. dev. =  4925.8817       accum. std. dev =  2518.6412    *
*   max. wt. =    52924.7                                       *
*                                                               *
**************   chi**2/iteration =  2.019       ****************


************* Integration by Vegas (iteration   9) **************
*                                                               *
*  integral  =  23571.355       accum. integral =  23696.414    *
*  std. dev. =  13640.733       accum. std. dev =  2476.7754    *
*   max. wt. =    52924.7                                       *
*                                                               *
**************   chi**2/iteration =  1.767       ****************


************* Integration by Vegas (iteration  10) **************
*                                                               *
*  integral  =  17158.454       accum. integral =  23080.517    *
*  std. dev. =  7680.1396       accum. std. dev =  2357.2303    *
*   max. wt. =    52924.7                                       *
*                                                               *
**************   chi**2/iteration =  1.643       ****************

 ****************************************************
 * Writing out vegas grid to W_only_tota_NNPDF30_80__80__ATLASWZTOT13TEV81PB_WP_dvegas_real.grid                                                          *
 ****************************************************

 ****************************************************
 * Reading in vegas grid from W_only_tota_NNPDF30_80__80__ATLASWZTOT13TEV81PB_WP_dvegas_virt.grid                                                         *
 ****************************************************

 input parameters for vegas:  ndim=  5  ncall=1518750.
                              it=   11  itmx=   10
                              nprn=  0  alph= 1.50
                              mds=  1   nd= 100
                              xl( 1)=   0.000     xu( 1)=   1.000    
                              xl( 2)=   0.000     xu( 2)=   1.000    
                              xl( 3)=   0.000     xu( 3)=   1.000    
                              xl( 4)=   0.000     xu( 4)=   1.000    
                              xl( 5)=   0.000     xu( 5)=   1.000    
fill_grid() filled 1000000 weights Thu Jun 23 16:05:19 2016
 problems with xx(1),xx(2) in gen2   3.5843531333022774E-002   5.4966843194299066E-009

************* Integration by Vegas (iteration   1) **************
*                                                               *
*  integral  =  4247973.7       accum. integral =  4247973.7    *
*  std. dev. =  1904.9421       accum. std. dev =  1904.9421    *
*   max. wt. =    439.171                                       *
*                                                               *
**************   chi**2/iteration = 0.9313E-07   ****************

 Writing out intermediate results for iteration           1
fill_grid() filled 2000000 weights Thu Jun 23 16:09:39 2016

************* Integration by Vegas (iteration   2) **************
*                                                               *
*  integral  =  4245951.6       accum. integral =  4246933.9    *
*  std. dev. =  1851.5234       accum. std. dev =  1327.7083    *
*   max. wt. =    439.171                                       *
*                                                               *
**************   chi**2/iteration = 0.5737       ****************

 Writing out intermediate results for iteration           2
fill_grid() filled 3000000 weights Thu Jun 23 16:14:00 2016

************* Integration by Vegas (iteration   3) **************
*                                                               *
*  integral  =  4246449.5       accum. integral =  4246778.9    *
*  std. dev. =  1935.3077       accum. std. dev =  1094.8304    *
*   max. wt. =    479.549                                       *
*                                                               *
**************   chi**2/iteration = 0.3095       ****************

 Writing out intermediate results for iteration           3
fill_grid() filled 4000000 weights Thu Jun 23 16:18:20 2016

************* Integration by Vegas (iteration   4) **************
*                                                               *
*  integral  =  4246281.1       accum. integral =  4246655.5    *
*  std. dev. =  1906.6997       accum. std. dev =  949.44269    *
*   max. wt. =    479.549                                       *
*                                                               *
**************   chi**2/iteration = 0.2237       ****************

 Writing out intermediate results for iteration           4
fill_grid() filled 5000000 weights Thu Jun 23 16:22:40 2016

************* Integration by Vegas (iteration   5) **************
*                                                               *
*  integral  =  4243284.9       accum. integral =  4245952.9    *
*  std. dev. =  1850.2525       accum. std. dev =  844.72032    *
*   max. wt. =    479.549                                       *
*                                                               *
**************   chi**2/iteration = 0.8230       ****************

 Writing out intermediate results for iteration           5
fill_grid() filled 6000000 weights Thu Jun 23 16:27:00 2016

************* Integration by Vegas (iteration   6) **************
*                                                               *
*  integral  =  4246530.6       accum. integral =  4246047.5    *
*  std. dev. =  1909.5983       accum. std. dev =  772.51306    *
*   max. wt. =    479.549                                       *
*                                                               *
**************   chi**2/iteration = 0.6740       ****************

 Writing out intermediate results for iteration           6
fill_grid() filled 7000000 weights Thu Jun 23 16:31:20 2016

************* Integration by Vegas (iteration   7) **************
*                                                               *
*  integral  =  4243337.1       accum. integral =  4245640.7    *
*  std. dev. =  1838.4078       accum. std. dev =  712.19040    *
*   max. wt. =    479.549                                       *
*                                                               *
**************   chi**2/iteration = 0.8692       ****************

 Writing out intermediate results for iteration           7
fill_grid() filled 8000000 weights Thu Jun 23 16:35:38 2016

************* Integration by Vegas (iteration   8) **************
*                                                               *
*  integral  =  4244935.7       accum. integral =  4245556.7    *
*  std. dev. =  1935.7282       accum. std. dev =  668.38784    *
*   max. wt. =    479.549                                       *
*                                                               *
**************   chi**2/iteration = 0.7619       ****************

 Writing out intermediate results for iteration           8
fill_grid() filled 9000000 weights Thu Jun 23 16:39:57 2016
 problems with xx(1),xx(2) in gen2   9.3436430856301303E-009  0.14549949169152585     

************* Integration by Vegas (iteration   9) **************
*                                                               *
*  integral  =  4247727.0       accum. integral =  4245802.3    *
*  std. dev. =  1870.8190       accum. std. dev =  629.42345    *
*   max. wt. =    479.549                                       *
*                                                               *
**************   chi**2/iteration = 0.8158       ****************

 Writing out intermediate results for iteration           9
fill_grid() filled 10000000 weights Thu Jun 23 16:44:14 2016

************* Integration by Vegas (iteration  10) **************
*                                                               *
*  integral  =  4241035.5       accum. integral =  4245312.4    *
*  std. dev. =  1859.7687       accum. std. dev =  596.20352    *
*   max. wt. =    479.549                                       *
*                                                               *
**************   chi**2/iteration =  1.379       ****************

 Adjusting number of points for real to    20000000
 ****************************************************
 * Reading in vegas grid from W_only_tota_NNPDF30_80__80__ATLASWZTOT13TEV81PB_WP_dvegas_real.grid                                                         *
 ****************************************************

 input parameters for vegas:  ndim=  7  ncall=********
                              it=   11  itmx=   10
                              nprn=  0  alph= 1.50
                              mds=  1   nd= 100
                              xl( 1)=   0.000     xu( 1)=   1.000    
                              xl( 2)=   0.000     xu( 2)=   1.000    
                              xl( 3)=   0.000     xu( 3)=   1.000    
                              xl( 4)=   0.000     xu( 4)=   1.000    
                              xl( 5)=   0.000     xu( 5)=   1.000    
                              xl( 6)=   0.000     xu( 6)=   1.000    
                              xl( 7)=   0.000     xu( 7)=   1.000    
fill_grid() filled 11000000 weights Thu Jun 23 16:47:08 2016
fill_grid() filled 12000000 weights Thu Jun 23 16:48:51 2016
fill_grid() filled 13000000 weights Thu Jun 23 16:50:22 2016
fill_grid() filled 14000000 weights Thu Jun 23 16:51:48 2016
fill_grid() filled 15000000 weights Thu Jun 23 16:53:17 2016
fill_grid() filled 16000000 weights Thu Jun 23 16:54:40 2016
fill_grid() filled 17000000 weights Thu Jun 23 16:56:08 2016
fill_grid() filled 18000000 weights Thu Jun 23 16:57:29 2016
fill_grid() filled 19000000 weights Thu Jun 23 16:58:56 2016
fill_grid() filled 20000000 weights Thu Jun 23 17:00:16 2016
fill_grid() filled 21000000 weights Thu Jun 23 17:01:42 2016
fill_grid() filled 22000000 weights Thu Jun 23 17:03:01 2016
fill_grid() filled 23000000 weights Thu Jun 23 17:04:26 2016
fill_grid() filled 24000000 weights Thu Jun 23 17:05:44 2016
fill_grid() filled 25000000 weights Thu Jun 23 17:07:07 2016
fill_grid() filled 26000000 weights Thu Jun 23 17:08:25 2016
fill_grid() filled 27000000 weights Thu Jun 23 17:09:44 2016
fill_grid() filled 28000000 weights Thu Jun 23 17:11:03 2016
fill_grid() filled 29000000 weights Thu Jun 23 17:12:13 2016
fill_grid() filled 30000000 weights Thu Jun 23 17:13:27 2016

************* Integration by Vegas (iteration   1) **************
*                                                               *
*  integral  =  23426.635       accum. integral =  23426.635    *
*  std. dev. =  1125.3894       accum. std. dev =  1125.3894    *
*   max. wt. =    479.549                                       *
*                                                               *
**************   chi**2/iteration = 0.5684E-11   ****************

 Writing out intermediate results for iteration           1
fill_grid() filled 31000000 weights Thu Jun 23 17:14:46 2016
fill_grid() filled 32000000 weights Thu Jun 23 17:16:32 2016
fill_grid() filled 33000000 weights Thu Jun 23 17:18:01 2016
fill_grid() filled 34000000 weights Thu Jun 23 17:19:29 2016
fill_grid() filled 35000000 weights Thu Jun 23 17:20:56 2016
fill_grid() filled 36000000 weights Thu Jun 23 17:22:19 2016
fill_grid() filled 37000000 weights Thu Jun 23 17:23:45 2016
fill_grid() filled 38000000 weights Thu Jun 23 17:25:06 2016
fill_grid() filled 39000000 weights Thu Jun 23 17:26:31 2016
fill_grid() filled 40000000 weights Thu Jun 23 17:27:52 2016
fill_grid() filled 41000000 weights Thu Jun 23 17:29:16 2016
fill_grid() filled 42000000 weights Thu Jun 23 17:30:35 2016
fill_grid() filled 43000000 weights Thu Jun 23 17:31:57 2016
fill_grid() filled 44000000 weights Thu Jun 23 17:33:17 2016
fill_grid() filled 45000000 weights Thu Jun 23 17:34:37 2016
fill_grid() filled 46000000 weights Thu Jun 23 17:35:57 2016
fill_grid() filled 47000000 weights Thu Jun 23 17:37:13 2016
fill_grid() filled 48000000 weights Thu Jun 23 17:38:33 2016
fill_grid() filled 49000000 weights Thu Jun 23 17:39:44 2016
fill_grid() filled 50000000 weights Thu Jun 23 17:40:55 2016
fill_grid() filled 51000000 weights Thu Jun 23 17:42:05 2016

************* Integration by Vegas (iteration   2) **************
*                                                               *
*  integral  =  22909.998       accum. integral =  23159.346    *
*  std. dev. =  1086.9637       accum. std. dev =  781.83105    *
*   max. wt. =    479.549                                       *
*                                                               *
**************   chi**2/iteration = 0.1080       ****************

 Writing out intermediate results for iteration           2
fill_grid() filled 52000000 weights Thu Jun 23 17:43:41 2016
fill_grid() filled 53000000 weights Thu Jun 23 17:45:16 2016
fill_grid() filled 54000000 weights Thu Jun 23 17:46:47 2016
fill_grid() filled 55000000 weights Thu Jun 23 17:48:10 2016
fill_grid() filled 56000000 weights Thu Jun 23 17:49:38 2016
fill_grid() filled 57000000 weights Thu Jun 23 17:51:00 2016
fill_grid() filled 58000000 weights Thu Jun 23 17:52:26 2016
fill_grid() filled 59000000 weights Thu Jun 23 17:53:47 2016
fill_grid() filled 60000000 weights Thu Jun 23 17:55:12 2016
fill_grid() filled 61000000 weights Thu Jun 23 17:56:31 2016
fill_grid() filled 62000000 weights Thu Jun 23 17:57:56 2016
fill_grid() filled 63000000 weights Thu Jun 23 17:59:15 2016
fill_grid() filled 64000000 weights Thu Jun 23 18:00:39 2016
fill_grid() filled 65000000 weights Thu Jun 23 18:01:56 2016
fill_grid() filled 66000000 weights Thu Jun 23 18:03:19 2016
fill_grid() filled 67000000 weights Thu Jun 23 18:04:36 2016
fill_grid() filled 68000000 weights Thu Jun 23 18:05:53 2016
fill_grid() filled 69000000 weights Thu Jun 23 18:07:09 2016
fill_grid() filled 70000000 weights Thu Jun 23 18:08:18 2016
fill_grid() filled 71000000 weights Thu Jun 23 18:09:28 2016

************* Integration by Vegas (iteration   3) **************
*                                                               *
*  integral  =  23184.039       accum. integral =  23167.708    *
*  std. dev. =  1092.5977       accum. std. dev =  635.81540    *
*   max. wt. =    479.549                                       *
*                                                               *
**************   chi**2/iteration = 0.5441E-01   ****************

 Writing out intermediate results for iteration           3
fill_grid() filled 72000000 weights Thu Jun 23 18:10:37 2016
fill_grid() filled 73000000 weights Thu Jun 23 18:12:24 2016
fill_grid() filled 74000000 weights Thu Jun 23 18:13:55 2016
fill_grid() filled 75000000 weights Thu Jun 23 18:15:26 2016
fill_grid() filled 76000000 weights Thu Jun 23 18:16:51 2016
fill_grid() filled 77000000 weights Thu Jun 23 18:18:17 2016
fill_grid() filled 78000000 weights Thu Jun 23 18:19:42 2016
fill_grid() filled 79000000 weights Thu Jun 23 18:21:06 2016
fill_grid() filled 80000000 weights Thu Jun 23 18:22:31 2016
fill_grid() filled 81000000 weights Thu Jun 23 18:23:54 2016
fill_grid() filled 82000000 weights Thu Jun 23 18:25:18 2016
fill_grid() filled 83000000 weights Thu Jun 23 18:26:40 2016
fill_grid() filled 84000000 weights Thu Jun 23 18:28:03 2016
fill_grid() filled 85000000 weights Thu Jun 23 18:29:25 2016
fill_grid() filled 86000000 weights Thu Jun 23 18:30:45 2016
fill_grid() filled 87000000 weights Thu Jun 23 18:32:06 2016
fill_grid() filled 88000000 weights Thu Jun 23 18:33:22 2016
fill_grid() filled 89000000 weights Thu Jun 23 18:34:41 2016
fill_grid() filled 90000000 weights Thu Jun 23 18:35:52 2016
fill_grid() filled 91000000 weights Thu Jun 23 18:37:00 2016
fill_grid() filled 92000000 weights Thu Jun 23 18:38:08 2016

************* Integration by Vegas (iteration   4) **************
*                                                               *
*  integral  =  21509.203       accum. integral =  22683.230    *
*  std. dev. =  989.76732       accum. std. dev =  534.94817    *
*   max. wt. =    479.549                                       *
*                                                               *
**************   chi**2/iteration = 0.6967       ****************

 Writing out intermediate results for iteration           4
fill_grid() filled 93000000 weights Thu Jun 23 18:39:41 2016
fill_grid() filled 94000000 weights Thu Jun 23 18:41:19 2016
fill_grid() filled 95000000 weights Thu Jun 23 18:42:49 2016
fill_grid() filled 96000000 weights Thu Jun 23 18:44:13 2016
fill_grid() filled 97000000 weights Thu Jun 23 18:45:41 2016
fill_grid() filled 98000000 weights Thu Jun 23 18:47:03 2016
fill_grid() filled 99000000 weights Thu Jun 23 18:48:29 2016
fill_grid() filled 100000000 weights Thu Jun 23 18:49:50 2016
fill_grid() filled 101000000 weights Thu Jun 23 18:51:15 2016
fill_grid() filled 102000000 weights Thu Jun 23 18:52:34 2016
fill_grid() filled 103000000 weights Thu Jun 23 18:53:58 2016
fill_grid() filled 104000000 weights Thu Jun 23 18:55:15 2016
fill_grid() filled 105000000 weights Thu Jun 23 18:56:38 2016
fill_grid() filled 106000000 weights Thu Jun 23 18:57:55 2016
fill_grid() filled 107000000 weights Thu Jun 23 18:59:15 2016
fill_grid() filled 108000000 weights Thu Jun 23 19:00:33 2016
fill_grid() filled 109000000 weights Thu Jun 23 19:01:47 2016
fill_grid() filled 110000000 weights Thu Jun 23 19:03:04 2016
fill_grid() filled 111000000 weights Thu Jun 23 19:04:14 2016
fill_grid() filled 112000000 weights Thu Jun 23 19:05:22 2016
fill_grid() filled 113000000 weights Thu Jun 23 19:06:29 2016

************* Integration by Vegas (iteration   5) **************
*                                                               *
*  integral  =  24687.706       accum. integral =  23167.021    *
*  std. dev. =  948.42384       accum. std. dev =  465.94098    *
*   max. wt. =    479.549                                       *
*                                                               *
**************   chi**2/iteration =  1.368       ****************

 Writing out intermediate results for iteration           5
fill_grid() filled 114000000 weights Thu Jun 23 19:08:00 2016
fill_grid() filled 115000000 weights Thu Jun 23 19:09:38 2016
fill_grid() filled 116000000 weights Thu Jun 23 19:11:07 2016
fill_grid() filled 117000000 weights Thu Jun 23 19:12:30 2016
fill_grid() filled 118000000 weights Thu Jun 23 19:13:57 2016
fill_grid() filled 119000000 weights Thu Jun 23 19:15:18 2016
fill_grid() filled 120000000 weights Thu Jun 23 19:16:44 2016
fill_grid() filled 121000000 weights Thu Jun 23 19:18:04 2016
fill_grid() filled 122000000 weights Thu Jun 23 19:19:28 2016
fill_grid() filled 123000000 weights Thu Jun 23 19:20:47 2016
fill_grid() filled 124000000 weights Thu Jun 23 19:22:10 2016
fill_grid() filled 125000000 weights Thu Jun 23 19:23:28 2016
fill_grid() filled 126000000 weights Thu Jun 23 19:24:49 2016
fill_grid() filled 127000000 weights Thu Jun 23 19:26:08 2016
fill_grid() filled 128000000 weights Thu Jun 23 19:27:25 2016
fill_grid() filled 129000000 weights Thu Jun 23 19:28:45 2016
fill_grid() filled 130000000 weights Thu Jun 23 19:29:59 2016
fill_grid() filled 131000000 weights Thu Jun 23 19:31:17 2016
fill_grid() filled 132000000 weights Thu Jun 23 19:32:29 2016
fill_grid() filled 133000000 weights Thu Jun 23 19:33:37 2016
fill_grid() filled 134000000 weights Thu Jun 23 19:34:45 2016

************* Integration by Vegas (iteration   6) **************
*                                                               *
*  integral  =  26162.282       accum. integral =  23754.723    *
*  std. dev. =  943.06377       accum. std. dev =  417.73619    *
*   max. wt. =    479.549                                       *
*                                                               *
**************   chi**2/iteration =  2.713       ****************

 Writing out intermediate results for iteration           6
fill_grid() filled 135000000 weights Thu Jun 23 19:36:01 2016
fill_grid() filled 136000000 weights Thu Jun 23 19:37:46 2016
fill_grid() filled 137000000 weights Thu Jun 23 19:39:13 2016
fill_grid() filled 138000000 weights Thu Jun 23 19:40:40 2016
fill_grid() filled 139000000 weights Thu Jun 23 19:42:03 2016
fill_grid() filled 140000000 weights Thu Jun 23 19:43:27 2016
fill_grid() filled 141000000 weights Thu Jun 23 19:44:49 2016
fill_grid() filled 142000000 weights Thu Jun 23 19:46:11 2016
fill_grid() filled 143000000 weights Thu Jun 23 19:47:32 2016
fill_grid() filled 144000000 weights Thu Jun 23 19:48:54 2016
fill_grid() filled 145000000 weights Thu Jun 23 19:50:12 2016
fill_grid() filled 146000000 weights Thu Jun 23 19:51:34 2016
fill_grid() filled 147000000 weights Thu Jun 23 19:52:51 2016
fill_grid() filled 148000000 weights Thu Jun 23 19:54:12 2016
fill_grid() filled 149000000 weights Thu Jun 23 19:55:28 2016
fill_grid() filled 150000000 weights Thu Jun 23 19:56:48 2016
fill_grid() filled 151000000 weights Thu Jun 23 19:58:03 2016
fill_grid() filled 152000000 weights Thu Jun 23 19:59:19 2016
fill_grid() filled 153000000 weights Thu Jun 23 20:00:34 2016
fill_grid() filled 154000000 weights Thu Jun 23 20:01:42 2016
fill_grid() filled 155000000 weights Thu Jun 23 20:02:50 2016
fill_grid() filled 156000000 weights Thu Jun 23 20:03:57 2016

************* Integration by Vegas (iteration   7) **************
*                                                               *
*  integral  =  23844.951       accum. integral =  23770.081    *
*  std. dev. =  922.33775       accum. std. dev =  380.52708    *
*   max. wt. =    479.549                                       *
*                                                               *
**************   chi**2/iteration =  2.263       ****************

 Writing out intermediate results for iteration           7
fill_grid() filled 157000000 weights Thu Jun 23 20:05:32 2016
fill_grid() filled 158000000 weights Thu Jun 23 20:07:06 2016
fill_grid() filled 159000000 weights Thu Jun 23 20:08:35 2016
fill_grid() filled 160000000 weights Thu Jun 23 20:09:57 2016
fill_grid() filled 161000000 weights Thu Jun 23 20:11:24 2016
fill_grid() filled 162000000 weights Thu Jun 23 20:12:44 2016
fill_grid() filled 163000000 weights Thu Jun 23 20:14:09 2016
fill_grid() filled 164000000 weights Thu Jun 23 20:15:28 2016
fill_grid() filled 165000000 weights Thu Jun 23 20:16:52 2016
fill_grid() filled 166000000 weights Thu Jun 23 20:18:10 2016
fill_grid() filled 167000000 weights Thu Jun 23 20:19:32 2016
fill_grid() filled 168000000 weights Thu Jun 23 20:20:50 2016
fill_grid() filled 169000000 weights Thu Jun 23 20:22:11 2016
fill_grid() filled 170000000 weights Thu Jun 23 20:23:30 2016
fill_grid() filled 171000000 weights Thu Jun 23 20:24:47 2016
fill_grid() filled 172000000 weights Thu Jun 23 20:26:06 2016
fill_grid() filled 173000000 weights Thu Jun 23 20:27:18 2016
fill_grid() filled 174000000 weights Thu Jun 23 20:28:35 2016
fill_grid() filled 175000000 weights Thu Jun 23 20:29:46 2016
fill_grid() filled 176000000 weights Thu Jun 23 20:30:53 2016
fill_grid() filled 177000000 weights Thu Jun 23 20:32:01 2016

************* Integration by Vegas (iteration   8) **************
*                                                               *
*  integral  =  22693.778       accum. integral =  23709.492    *
*  std. dev. =  1558.0271       accum. std. dev =  369.66135    *
*   max. wt. =    1028.57                                       *
*                                                               *
**************   chi**2/iteration =  2.005       ****************

 Writing out intermediate results for iteration           8
fill_grid() filled 178000000 weights Thu Jun 23 20:33:18 2016
fill_grid() filled 179000000 weights Thu Jun 23 20:35:03 2016
fill_grid() filled 180000000 weights Thu Jun 23 20:36:34 2016
fill_grid() filled 181000000 weights Thu Jun 23 20:38:00 2016
fill_grid() filled 182000000 weights Thu Jun 23 20:39:29 2016
fill_grid() filled 183000000 weights Thu Jun 23 20:40:51 2016
fill_grid() filled 184000000 weights Thu Jun 23 20:42:19 2016
fill_grid() filled 185000000 weights Thu Jun 23 20:43:41 2016
fill_grid() filled 186000000 weights Thu Jun 23 20:45:09 2016
fill_grid() filled 187000000 weights Thu Jun 23 20:46:29 2016
fill_grid() filled 188000000 weights Thu Jun 23 20:47:56 2016
fill_grid() filled 189000000 weights Thu Jun 23 20:49:15 2016
fill_grid() filled 190000000 weights Thu Jun 23 20:50:41 2016
fill_grid() filled 191000000 weights Thu Jun 23 20:52:00 2016
fill_grid() filled 192000000 weights Thu Jun 23 20:53:24 2016
fill_grid() filled 193000000 weights Thu Jun 23 20:54:40 2016
fill_grid() filled 194000000 weights Thu Jun 23 20:56:00 2016
fill_grid() filled 195000000 weights Thu Jun 23 20:57:12 2016
fill_grid() filled 196000000 weights Thu Jun 23 20:58:19 2016
fill_grid() filled 197000000 weights Thu Jun 23 20:59:27 2016

************* Integration by Vegas (iteration   9) **************
*                                                               *
*  integral  =  22779.606       accum. integral =  23633.874    *
*  std. dev. =  1242.4793       accum. std. dev =  354.31237    *
*   max. wt. =    1028.57                                       *
*                                                               *
**************   chi**2/iteration =  1.819       ****************

 Writing out intermediate results for iteration           9
fill_grid() filled 198000000 weights Thu Jun 23 21:00:32 2016
fill_grid() filled 199000000 weights Thu Jun 23 21:01:44 2016
fill_grid() filled 200000000 weights Thu Jun 23 21:03:12 2016
fill_grid() filled 201000000 weights Thu Jun 23 21:04:37 2016
fill_grid() filled 202000000 weights Thu Jun 23 21:06:04 2016
fill_grid() filled 203000000 weights Thu Jun 23 21:07:25 2016
fill_grid() filled 204000000 weights Thu Jun 23 21:08:51 2016
fill_grid() filled 205000000 weights Thu Jun 23 21:10:11 2016
fill_grid() filled 206000000 weights Thu Jun 23 21:11:35 2016
fill_grid() filled 207000000 weights Thu Jun 23 21:12:54 2016
fill_grid() filled 208000000 weights Thu Jun 23 21:14:17 2016
fill_grid() filled 209000000 weights Thu Jun 23 21:15:35 2016
fill_grid() filled 210000000 weights Thu Jun 23 21:16:56 2016
fill_grid() filled 211000000 weights Thu Jun 23 21:18:15 2016
fill_grid() filled 212000000 weights Thu Jun 23 21:19:33 2016
fill_grid() filled 213000000 weights Thu Jun 23 21:20:53 2016
fill_grid() filled 214000000 weights Thu Jun 23 21:22:06 2016
fill_grid() filled 215000000 weights Thu Jun 23 21:23:24 2016
fill_grid() filled 216000000 weights Thu Jun 23 21:24:34 2016
fill_grid() filled 217000000 weights Thu Jun 23 21:25:42 2016
fill_grid() filled 218000000 weights Thu Jun 23 21:26:49 2016

************* Integration by Vegas (iteration  10) **************
*                                                               *
*  integral  =  23906.709       accum. integral =  23665.317    *
*  std. dev. =  981.71559       accum. std. dev =  333.27114    *
*   max. wt. =    1028.57                                       *
*                                                               *
**************   chi**2/iteration =  1.624       ****************



Value of final tota integral is  4268977.7563 +/-   683.0288 fb

 Total number of shots       :    215187500
 Total no. failing cuts      :    123100041
 Number failing jet cuts     :            0
 Number failing process cuts :    114538530

   Jet efficiency : 100.00%
   Cut efficiency :  44.57%
 Total efficiency :  44.57%

 Contribution from parton sub-processes:
 ---------------------------------------
       GG     |           0.00000    0.00%
       GQ     |     -317541.14741   -7.44%
       GQB    |     -198579.69663   -4.65%
       QG     |     -318108.43123   -7.45%
       QBG    |     -198660.45246   -4.65%
       QQ     |           0.00000    0.00%
       QBQB   |           0.00000    0.00%
       QQB    |     2651320.44538   62.11%
       QBQ    |     2650547.03865   62.09%
 ---------------------------------------

 ****************************************************
 output files  W_only_tota_NNPDF30_80__80__ATLASWZTOT13TEV81PB_WP
 ****************************************************
Write out grids ...
saving grid N=1	of 1	appl::grid::Write() ATLASWZTOT13TEV81PB_WP_tot.root	dirname grid	pdfname 
writing mcfmwp.config
grid::Write()size(untrimmed)=56 kB	size(trimmed)=19 kB (34.5%)
size(untrimmed)=57600	size(trimmed)=19876	fraction=34.5069 %
 ***********************************************
 saved grids Thu Jun 23 21:27:24 2016
 ***********************************************
Thanks for using LHAPDF 6.1.6. Please make sure to cite the paper:
  Eur.Phys.J. C75 (2015) 3, 132  (http://arxiv.org/abs/1412.7420)
