setup_mcfmbridge()
 ************** MCFM - version 6.6 ****************
 *                                                *
 * MCFM, v6.6                    April 1st, 2013  *
 *                                                *
 * Authors: John Campbell, Keith Ellis,           *
 *          Ciaran Williams                       *
 *         (johnmc@fnal.gov, ellis@fnal.gov,      *
 *          ciaran@fnal.gov)                      *
 *                                                *
 * For details see:                               *
 *                                                *
 *  arXiv:1302.3856 (tZ, tH -- with R. Rontsch)   *
 *  arXiv:1211.6390 (DM, P. Fox and C. Williams)  *
 *  JHEP 1211:162 (2012), arXiv:1208.0566         *
 *  (Z+gam+jet,Z+gam+gam -- with H. Hartanto)     *
 *  arXiv:1204.1513 (top production+decay)        *
 *  JHEP 1207:052 (2012), arXiv:1204.5678 (ttW)   *
 *  JHEP 1110:005 (2011), arXiv:1107.5569         *
 *         (gg->WW,Higgs intference)              *
 *  JHEP 1107:018 (2011), arXiv:1105.0020         *
 *         (diboson update)                       *
 *  JHEP 1103:027 (2011), arXiv:1011.6647         *
 *         (Wbb for mb>0, with S. Badger)         *
 *  Phys.Rev.D81:074023, arXiv:1001.4495 (H+2jet) *
 *                                                *
 *  P.R.L. 102:142001, arXiv:0903.0005 [hep-ph]   *
 *    (t-channel single top + explicit b,         *
 *      JC, R.Frederix, F.Maltoni, F.Tramontano)  *
 *  N.P.B 726:109(2005), hep-ph/0506289 (W+t)     *
 *  Phys.Rev.D70:094012, hep-ph/0408158 (Sngl Top)*
 *       (with Francesco Tramontano)              *
 *                                                *
 *  Phys.Rev.D65:113007, hep-ph/0202176 (W,Z+2j)  *
 *  Phys.Rev.D62:114012, hep-ph/0006304 (W,Z+bb)  *
 *  Phys.Rev.D60:113006, hep-ph/9905386 (diboson) *
 *                                                *
 * On the web:  http://mcfm.fnal.gov/             *
 **************************************************

 * Using input file named ATLASWPT11-Wminus.DAT                                                   

 * [Flags to specify the mode in which MCFM is run]                                          
 *                    F            [evtgen] 
 *                    F            [creatent] 
 *                    F            [skipnt] 
 *                    F            [dswhisto] 
 *                    F            [writetop] 
 *                    F            [writedat] 
 *                    F            [writegnu] 
 *                    F            [writeroot] 
 *                    F            [writepwg] 

 * [General options to specify the process and execution]                                    
 *                    6            [nproc] 
 *                 tota            [part] 
 * ATLASWPT11-Wm                   [runstring] 
 *            7000.0000            [sqrts] 
 *                    1            [ih1] 
 *                    1            [ih2] 
 *             126.0000            [hmass] 
 *              80.3980            [scale] 
 *              80.3980            [facscale] 
 * no                              [dynamicscale] 
 *                    F            [zerowidth] 
 *                    F            [removebr] 
 *                   10            [itmx1] 
 *               100000            [ncall1] 
 *                   10            [itmx2] 
 *              2000000            [ncall2] 
 *                37121            [ij] 
 *                    F            [dryrun] 
 *                    T            [Qflag] 
 *                    T            [Gflag] 

 * [Heavy quark masses]                                                                      
 *             172.5000            [top mass] 
 *               4.7500            [bottom mass] 
 *               1.4200            [charm mass] 

 * [Pdf selection]                                                                           
 *              cteq6_m            [pdlabel] 
 *                    4            [NGROUP] 
 *                   46            [NSET] 
 * CT10nlo.LHgrid                  [LHAPDF group] 
 *                    0            [LHAPDF set] 

 * [Jet definition and event cuts]                                                           
 *               0.0000            [m34min] 
 *            7000.0000            [m34max] 
 *              40.0000            [m56min] 
 *           14000.0000            [m56max] 
 *                    T            [inclusive] 
 *                 ankt            [algorithm] 
 *              15.0000            [ptjetmin] 
 *               0.0000            [etajetmin] 
 *               3.0000            [etajetmax] 
 *               0.5000            [Rcut] 
 *                    T            [makecuts] 
 *              20.0000            [leptpt] 
 *               2.4000            [leptrap] 
 *              25.0000            [misspt] 
 *               0.0000            [leptpt2] 
 *              99.0000            [leptrap2] 
 *              40.0000            [mtrans34cut] 
 *               0.0000            [Rjlmin] 
 *               0.0000            [Rllmin] 
 *               0.0000            [delyjjmin] 
 *                    F            [jetsopphem] 
 *                    0            [lbjscheme] 
 *               0.0000            [ptbjetmin] 
 *              99.0000            [etabjetmax] 

 * [Settings for photon processes]                                                           
 *                    F            [frag] 
 *             BFGsetII            [fragset] 
 *              80.0000            [frag_scale] 
 *              20.0000            [gammpt] 
 *               2.5000            [gammrap] 
 *              10.0000            [gammpt2] 
 *               0.7000            [Rgalmin] 
 *               0.4000            [Rgagamin] 
 *               0.7000            [cone_ang] 
 *               0.4000            [epsilon_h] 

 * [Anomalous couplings of the W and Z]                                                      
 *               0.0000            [delg1_z] 
 *               0.0000            [delk_z] 
 *               0.0000            [delk_g] 
 *               0.0000            [lambda_z] 
 *               0.0000            [lambda_g] 
 *               0.0000            [h1Z] 
 *               0.0000            [h1gam] 
 *               0.0000            [h2Z] 
 *               0.0000            [h2gam] 
 *               0.0000            [h3Z] 
 *               0.0000            [h3gam] 
 *               0.0000            [h4Z] 
 *               0.0000            [h4gam] 
 *               2.0000            [tevscale] 

 * [How to resume/save a run]                                                                
 *                    F            [readin] 
 *                    F            [writeout] 
 *                                 [ingridfile] 
 *                                 [outgridfile] 

 * [Technical parameters that should not normally be changed]

 *                    F            [debug] 
 *                    T            [verbose] 
 *                    F            [new_pspace] 
 *                    F            [virtonly] 
 *                    F            [realonly] 
 *                    T            [spira] 
 *                    F            [noglue] 
 *                    F            [ggonly] 
 *                    F            [gqonly] 
 *                    F            [omitgg] 
 *                    F            [vanillafiles] 
 *                    1            [nmin] 
 *                    2            [nmax] 
 *                    T            [clustering] 
 *                    F            [realwt] 
 *                    0            [colourchoice] 
 *               0.0100            [rtsmin] 
 *               0.0001            [cutoff] 
 *               0.2000            [aii] 
 *               0.2000            [aif] 
 *               0.2000            [afi] 
 *               1.0000            [aff] 
 *               1.0000            [bfi] 
 *               1.0000            [bff] 

 Chooser:process chosen by nproc=           6

 ***********************************************
 booking the grids Tue Apr  8 10:58:48 2014

Process : 6 W- production
Using existing grid file ATLASWPT11-Wminus_pt34.root
appl::grid() reading grid from file ATLASWPT11-Wminus_pt34.root
grid::grid() read ckm matrices
appl::grid() reading grid calculation type: standard
appl_pdf::create_map() creating pdf combination factory
creating new lumi_pdf mcfmwm.config
lumi_pdf::lumi_pdf() mcfmwm.config	v size 78 lookup size 0 0xaf6bbb0
lumi_pdf::lumi_pdf() setting W- cmk matrix
grid::optimise() bin 0		size(untrimmed)=244	size(trimmed)=244
grid::optimise() bin 0		size(untrimmed)=245	size(trimmed)=245
==================================================
appl::grid version version-3.2	( 6-LO, 6-NLO, initial states, 1 observable bins )
Optimised grid
Unsymmetrised in x1, x2
leading order of processes  0
number of loops for grid    1
x->y coordinate transform:  f2
genpdf in use: mcfmwm.config
--------------------------------------------------
Observable binning: [ 1 bins : 0,  300 ]
0	    0	-   300	   	 x:  [ 40 :	 3.829e-05 -       1	 : 40 :	 3.829e-05 -       1	 : 	( order=6 ) ]	 Q2: [ 3 :	 6463.82 - 6463.86	( order=1 ) ]


 ***********************************************
 *************************** f(p1)+f(p2) --> ******************************************
 * W^-(-->e^-(p3)+nu~(p4))                                                            *
 **************************************************************************************


 *******************************************
 *     MCFM is calling LHAPDF              *
 *                                         *
 *   PDFname CT10nlo.LHgrid                *
 *   PDFmember  0                          *
 *******************************************

 *************************************
 *       LHAPDF Version 5.9.0        *
 *   Configured for the following:   *
 *             All PDFs              *
 *         FULL MEMORY option        *
 *    Maximum  3 concurrent set(s)   *
 *************************************

 >>>>>> PDF description: <<<<<<
 CT10 NEW CT12 grid type                                         
 H.-L.Lai, M.Guzzi, J. Huston, Z.Li,                             
 P.M.Nadolsky, J.Pumplin and C.-P.Yuan.                          
 Reference: arXiv:1007.2241                                      
 PDF fits using the standard CTEQ PDF evolution                  
 but using the HOPPET alphas_s running solution.                 
 Excluding the D0 Run-II W asymmetry data.                       
 This set has 52 member PDFs.                                    
     mem=0 --> central value                                     
     mem=1-52 --> eigenvector sets                               
 >>>>>>                   <<<<<<

 ************** Electroweak parameters **************
 *                                                  *
 *  zmass(+)   91.1876000     wmass(+)  80.3980000  *
 * zwidth(+)    2.4952000    wwidth(+)   2.1410000  *
 *     Gf(+) 0.116637D-04   1/aemmz    132.3407015  *
 *     xw       0.2226459      mtop(+) 172.5000000  *
 *   gwsq       0.4264831       esq      0.0949547  *
 * top width    1.4530210 (LO)                      *
 *    mb        4.7500000        mc      1.4200000  *
 *                                                  *
 * Parameters marked (+) are input, others derived  *
 ****************************************************

 *******************************************
 *     MCFM is calling LHAPDF              *
 *                                         *
 *   PDFname CT10nlo.LHgrid                *
 *   PDFmember  0                          *
 *******************************************


 ***************** CKM mixing matrix ****************
 *                                                  *
 *      Vud=.97419    Vus=.22570    Vub=.35900E-02  *
 *      Vcd=.22560    Vcs=.97334    Vcb=.41500E-01  *
 ****************************************************

 ************* Strong coupling, alpha_s  ************
 *                                                  *
 *       alpha_s (scale)  0.12028581                *
 *       alpha_s (zmass)  0.11800066                *
 *         (using 2-loop running of alpha_s)        *
 ****************************************************

 ****************************************
 *     Cross section in femtobarns      *
 ****************************************


 input parameters for vegas:  ndim=  5  ncall=  98304.
                              it=    0  itmx=   10
                              nprn=  0  alph= 1.50
                              mds=  1   nd= 100
                              xl( 1)=   0.000     xu( 1)=   1.000    
                              xl( 2)=   0.000     xu( 2)=   1.000    
                              xl( 3)=   0.000     xu( 3)=   1.000    
                              xl( 4)=   0.000     xu( 4)=   1.000    
                              xl( 5)=   0.000     xu( 5)=   1.000    

 ****************** Basic mass cuts *****************
 *                                                  *
 *              0.00  <   m34  <  7000.00           *
 *             40.00  <   m56  < 14000.00           *
 ****************************************************

 ****************** Generic cuts ********************
 *                                                  *
 *        pt(lepton)      >    20.00 GeV            *
 *      |eta(lepton)|     <     2.40                *
 *       pt(missing)      >    25.00 GeV            *
 *     pt(2nd+ lepton)    >     0.00 GeV            *
 *   |eta(2nd+ lepton)|   <    99.00                *
 *  (3,4) transverse mass >    40.00 GeV            *
 *      R(jet,lepton)     >     0.00                *
 *     R(lepton,lepton)   >     0.00                *
 * |eta(jet1)-eta(jet2)|  >     0.00                *
 ****************************************************
 Poles cancelled!

************* Integration by Vegas (iteration   1) **************
*                                                               *
*  integral  =  1711506.3       accum. integral =  1711506.3    *
*  std. dev. =  4435.6714       accum. std. dev =  4435.6714    *
*   max. wt. =    153.449                                       *
*                                                               *
**************   chi**2/iteration =  0.000       ****************


************* Integration by Vegas (iteration   2) **************
*                                                               *
*  integral  =  1710274.7       accum. integral =  1710631.4    *
*  std. dev. =  2832.3835       accum. std. dev =  2387.2095    *
*   max. wt. =    153.449                                       *
*                                                               *
**************   chi**2/iteration = 0.5422E-01   ****************


************* Integration by Vegas (iteration   3) **************
*                                                               *
*  integral  =  1707164.2       accum. integral =  1709058.4    *
*  std. dev. =  2619.6502       accum. std. dev =  1764.4766    *
*   max. wt. =    288.430                                       *
*                                                               *
**************   chi**2/iteration = 0.5034       ****************


************* Integration by Vegas (iteration   4) **************
*                                                               *
*  integral  =  1705311.2       accum. integral =  1707880.5    *
*  std. dev. =  2606.0125       accum. std. dev =  1461.0740    *
*   max. wt. =    319.116                                       *
*                                                               *
**************   chi**2/iteration = 0.8071       ****************


************* Integration by Vegas (iteration   5) **************
*                                                               *
*  integral  =  1710730.1       accum. integral =  1708558.1    *
*  std. dev. =  2615.8868       accum. std. dev =  1275.5897    *
*   max. wt. =    319.116                                       *
*                                                               *
**************   chi**2/iteration = 0.8314       ****************


************* Integration by Vegas (iteration   6) **************
*                                                               *
*  integral  =  1705299.1       accum. integral =  1707921.6    *
*  std. dev. =  2589.2021       accum. std. dev =  1144.2630    *
*   max. wt. =    319.116                                       *
*                                                               *
**************   chi**2/iteration = 0.9199       ****************


************* Integration by Vegas (iteration   7) **************
*                                                               *
*  integral  =  1707736.8       accum. integral =  1707892.0    *
*  std. dev. =  2621.1017       accum. std. dev =  1048.6874    *
*   max. wt. =    319.116                                       *
*                                                               *
**************   chi**2/iteration = 0.7676       ****************


************* Integration by Vegas (iteration   8) **************
*                                                               *
*  integral  =  1709877.7       accum. integral =  1708151.7    *
*  std. dev. =  2703.6992       accum. std. dev =  977.71724    *
*   max. wt. =    358.041                                       *
*                                                               *
**************   chi**2/iteration = 0.7250       ****************


************* Integration by Vegas (iteration   9) **************
*                                                               *
*  integral  =  1708980.9       accum. integral =  1708253.2    *
*  std. dev. =  2618.0993       accum. std. dev =  915.93245    *
*   max. wt. =    358.041                                       *
*                                                               *
**************   chi**2/iteration = 0.6454       ****************


************* Integration by Vegas (iteration  10) **************
*                                                               *
*  integral  =  1710248.5       accum. integral =  1708471.6    *
*  std. dev. =  2612.5382       accum. std. dev =  864.35109    *
*   max. wt. =    358.041                                       *
*                                                               *
**************   chi**2/iteration = 0.6315       ****************

 ****************************************************
 * Writing out vegas grid to W_only_tota_CT10nlo_80__80__ATLASWPT11-Wm_dvegas_virt.grid                                                          *
 ****************************************************
 Adjusting number of points for real to     1000000

 input parameters for vegas:  ndim=  7  ncall= 839808.
                              it=   11  itmx=   10
                              nprn=  0  alph= 1.50
                              mds=  1   nd= 100
                              xl( 1)=   0.000     xu( 1)=   1.000    
                              xl( 2)=   0.000     xu( 2)=   1.000    
                              xl( 3)=   0.000     xu( 3)=   1.000    
                              xl( 4)=   0.000     xu( 4)=   1.000    
                              xl( 5)=   0.000     xu( 5)=   1.000    
                              xl( 6)=   0.000     xu( 6)=   1.000    
                              xl( 7)=   0.000     xu( 7)=   1.000    

 *********** Basic jet-defining parameters **********
 *     (Anti-kt algorithm - see arXiv:0802.1189)    *
 *                                                  *
 *     pt(jet)         >  15.0000                   *
 *   |pseudo-rap(jet)| >   0.0000                   *
 *   |pseudo-rap(jet)| <   3.0000                   *
 * pseudo-cone size, R :   0.5000                   *
 *                                                  *
 *    Cross-section defined by:   0 <= jets <= 1    *
 ****************************************************

************* Integration by Vegas (iteration   1) **************
*                                                               *
*  integral  =  204759.15       accum. integral =  204759.15    *
*  std. dev. =  8824.8170       accum. std. dev =  8824.8170    *
*   max. wt. =    3412.72                                       *
*                                                               *
**************   chi**2/iteration =  0.000       ****************


************* Integration by Vegas (iteration   2) **************
*                                                               *
*  integral  =  214989.55       accum. integral =  211484.63    *
*  std. dev. =  6370.6477       accum. std. dev =  5165.3382    *
*   max. wt. =    4332.57                                       *
*                                                               *
**************   chi**2/iteration = 0.8747       ****************


************* Integration by Vegas (iteration   3) **************
*                                                               *
*  integral  =  221318.17       accum. integral =  219663.01    *
*  std. dev. =  2323.7200       accum. std. dev =  2119.1550    *
*   max. wt. =    4332.57                                       *
*                                                               *
**************   chi**2/iteration =  1.939       ****************


************* Integration by Vegas (iteration   4) **************
*                                                               *
*  integral  =  214686.36       accum. integral =  216696.00    *
*  std. dev. =  1744.0636       accum. std. dev =  1346.6455    *
*   max. wt. =    4332.57                                       *
*                                                               *
**************   chi**2/iteration =  2.387       ****************


************* Integration by Vegas (iteration   5) **************
*                                                               *
*  integral  =  212846.85       accum. integral =  216266.32    *
*  std. dev. =  3798.8970       accum. std. dev =  1269.2582    *
*   max. wt. =    4332.57                                       *
*                                                               *
**************   chi**2/iteration =  2.019       ****************


************* Integration by Vegas (iteration   6) **************
*                                                               *
*  integral  =  216654.18       accum. integral =  216368.23    *
*  std. dev. =  2126.1530       accum. std. dev =  1089.8321    *
*   max. wt. =    4332.57                                       *
*                                                               *
**************   chi**2/iteration =  1.621       ****************


************* Integration by Vegas (iteration   7) **************
*                                                               *
*  integral  =  219137.09       accum. integral =  217060.39    *
*  std. dev. =  1887.7305       accum. std. dev =  943.83305    *
*   max. wt. =    4332.57                                       *
*                                                               *
**************   chi**2/iteration =  1.620       ****************


************* Integration by Vegas (iteration   8) **************
*                                                               *
*  integral  =  216150.61       accum. integral =  216802.28    *
*  std. dev. =  1499.6905       accum. std. dev =  798.80253    *
*   max. wt. =    4332.57                                       *
*                                                               *
**************   chi**2/iteration =  1.426       ****************


************* Integration by Vegas (iteration   9) **************
*                                                               *
*  integral  =  215142.46       accum. integral =  216421.63    *
*  std. dev. =  1464.3523       accum. std. dev =  701.25214    *
*   max. wt. =    4332.57                                       *
*                                                               *
**************   chi**2/iteration =  1.372       ****************


************* Integration by Vegas (iteration  10) **************
*                                                               *
*  integral  =  219025.73       accum. integral =  216969.79    *
*  std. dev. =  1358.0808       accum. std. dev =  623.08968    *
*   max. wt. =    4332.57                                       *
*                                                               *
**************   chi**2/iteration =  1.542       ****************

 ****************************************************
 * Writing out vegas grid to W_only_tota_CT10nlo_80__80__ATLASWPT11-Wm_dvegas_real.grid                                                          *
 ****************************************************

 ****************************************************
 * Reading in vegas grid from W_only_tota_CT10nlo_80__80__ATLASWPT11-Wm_dvegas_virt.grid                                                         *
 ****************************************************

 input parameters for vegas:  ndim=  5  ncall=1518750.
                              it=   11  itmx=   10
                              nprn=  0  alph= 1.50
                              mds=  1   nd= 100
                              xl( 1)=   0.000     xu( 1)=   1.000    
                              xl( 2)=   0.000     xu( 2)=   1.000    
                              xl( 3)=   0.000     xu( 3)=   1.000    
                              xl( 4)=   0.000     xu( 4)=   1.000    
                              xl( 5)=   0.000     xu( 5)=   1.000    

************* Integration by Vegas (iteration   1) **************
*                                                               *
*  integral  =  1709088.2       accum. integral =  1709088.2    *
*  std. dev. =  617.09145       accum. std. dev =  617.09145    *
*   max. wt. =    63.1755                                       *
*                                                               *
**************   chi**2/iteration = 0.9313E-07   ****************

 Writing out intermediate results for iteration           1

************* Integration by Vegas (iteration   2) **************
*                                                               *
*  integral  =  1707688.1       accum. integral =  1708378.1    *
*  std. dev. =  608.26868       accum. std. dev =  433.19654    *
*   max. wt. =    63.1755                                       *
*                                                               *
**************   chi**2/iteration =  2.585       ****************

 Writing out intermediate results for iteration           2

************* Integration by Vegas (iteration   3) **************
*                                                               *
*  integral  =  1708572.8       accum. integral =  1708443.9    *
*  std. dev. =  606.37466       accum. std. dev =  352.48679    *
*   max. wt. =    63.1755                                       *
*                                                               *
**************   chi**2/iteration =  1.333       ****************

 Writing out intermediate results for iteration           3

************* Integration by Vegas (iteration   4) **************
*                                                               *
*  integral  =  1709027.2       accum. integral =  1708590.2    *
*  std. dev. =  609.24025       accum. std. dev =  305.10153    *
*   max. wt. =    63.1755                                       *
*                                                               *
**************   chi**2/iteration =  1.118       ****************

 Writing out intermediate results for iteration           4

************* Integration by Vegas (iteration   5) **************
*                                                               *
*  integral  =  1708324.1       accum. integral =  1708536.9    *
*  std. dev. =  610.10427       accum. std. dev =  272.88227    *
*   max. wt. =    63.1755                                       *
*                                                               *
**************   chi**2/iteration = 0.8773       ****************

 Writing out intermediate results for iteration           5

************* Integration by Vegas (iteration   6) **************
*                                                               *
*  integral  =  1708867.0       accum. integral =  1708590.4    *
*  std. dev. =  620.31504       accum. std. dev =  249.78161    *
*   max. wt. =    63.1755                                       *
*                                                               *
**************   chi**2/iteration = 0.7495       ****************

 Writing out intermediate results for iteration           6

************* Integration by Vegas (iteration   7) **************
*                                                               *
*  integral  =  1709768.3       accum. integral =  1708755.3    *
*  std. dev. =  619.15783       accum. std. dev =  231.64209    *
*   max. wt. =    63.1755                                       *
*                                                               *
**************   chi**2/iteration =  1.143       ****************

 Writing out intermediate results for iteration           7

************* Integration by Vegas (iteration   8) **************
*                                                               *
*  integral  =  1709755.0       accum. integral =  1708877.5    *
*  std. dev. =  620.67824       accum. std. dev =  217.02084    *
*   max. wt. =    63.1755                                       *
*                                                               *
**************   chi**2/iteration =  1.305       ****************

 Writing out intermediate results for iteration           8

************* Integration by Vegas (iteration   9) **************
*                                                               *
*  integral  =  1709009.6       accum. integral =  1708891.4    *
*  std. dev. =  633.10904       accum. std. dev =  205.29447    *
*   max. wt. =    63.1755                                       *
*                                                               *
**************   chi**2/iteration =  1.147       ****************

 Writing out intermediate results for iteration           9

************* Integration by Vegas (iteration  10) **************
*                                                               *
*  integral  =  1708413.0       accum. integral =  1708846.3    *
*  std. dev. =  636.13724       accum. std. dev =  195.37254    *
*   max. wt. =    63.1755                                       *
*                                                               *
**************   chi**2/iteration =  1.076       ****************

 Adjusting number of points for real to    20000000
 ****************************************************
 * Reading in vegas grid from W_only_tota_CT10nlo_80__80__ATLASWPT11-Wm_dvegas_real.grid                                                         *
 ****************************************************

 input parameters for vegas:  ndim=  7  ncall=********
                              it=   11  itmx=   10
                              nprn=  0  alph= 1.50
                              mds=  1   nd= 100
                              xl( 1)=   0.000     xu( 1)=   1.000    
                              xl( 2)=   0.000     xu( 2)=   1.000    
                              xl( 3)=   0.000     xu( 3)=   1.000    
                              xl( 4)=   0.000     xu( 4)=   1.000    
                              xl( 5)=   0.000     xu( 5)=   1.000    
                              xl( 6)=   0.000     xu( 6)=   1.000    
                              xl( 7)=   0.000     xu( 7)=   1.000    

************* Integration by Vegas (iteration   1) **************
*                                                               *
*  integral  =  217279.83       accum. integral =  217279.83    *
*  std. dev. =  305.53253       accum. std. dev =  305.53253    *
*   max. wt. =    107.190                                       *
*                                                               *
**************   chi**2/iteration = 0.5821E-08   ****************

 Writing out intermediate results for iteration           1

************* Integration by Vegas (iteration   2) **************
*                                                               *
*  integral  =  217034.54       accum. integral =  217150.34    *
*  std. dev. =  288.92176       accum. std. dev =  209.92528    *
*   max. wt. =    107.190                                       *
*                                                               *
**************   chi**2/iteration = 0.3369       ****************

 Writing out intermediate results for iteration           2

************* Integration by Vegas (iteration   3) **************
*                                                               *
*  integral  =  216853.36       accum. integral =  217044.05    *
*  std. dev. =  281.18836       accum. std. dev =  168.21721    *
*   max. wt. =    107.190                                       *
*                                                               *
**************   chi**2/iteration = 0.5256       ****************

 Writing out intermediate results for iteration           3

************* Integration by Vegas (iteration   4) **************
*                                                               *
*  integral  =  217113.75       accum. integral =  217060.39    *
*  std. dev. =  303.99020       accum. std. dev =  147.18503    *
*   max. wt. =    113.882                                       *
*                                                               *
**************   chi**2/iteration = 0.3644       ****************

 Writing out intermediate results for iteration           4

************* Integration by Vegas (iteration   5) **************
*                                                               *
*  integral  =  217198.59       accum. integral =  217090.25    *
*  std. dev. =  280.38987       accum. std. dev =  130.32108    *
*   max. wt. =    113.882                                       *
*                                                               *
**************   chi**2/iteration = 0.3210       ****************

 Writing out intermediate results for iteration           5

************* Integration by Vegas (iteration   6) **************
*                                                               *
*  integral  =  217004.09       accum. integral =  217074.11    *
*  std. dev. =  271.50485       accum. std. dev =  117.48767    *
*   max. wt. =    113.882                                       *
*                                                               *
**************   chi**2/iteration = 0.2733       ****************

 Writing out intermediate results for iteration           6

************* Integration by Vegas (iteration   7) **************
*                                                               *
*  integral  =  216898.60       accum. integral =  217045.06    *
*  std. dev. =  263.79753       accum. std. dev =  107.32466    *
*   max. wt. =    113.882                                       *
*                                                               *
**************   chi**2/iteration = 0.2893       ****************

 Writing out intermediate results for iteration           7

************* Integration by Vegas (iteration   8) **************
*                                                               *
*  integral  =  216745.21       accum. integral =  217005.00    *
*  std. dev. =  273.29754       accum. std. dev =  99.897843    *
*   max. wt. =    113.882                                       *
*                                                               *
**************   chi**2/iteration = 0.3968       ****************

 Writing out intermediate results for iteration           8

************* Integration by Vegas (iteration   9) **************
*                                                               *
*  integral  =  217158.93       accum. integral =  217023.58    *
*  std. dev. =  269.62215       accum. std. dev =  93.674802    *
*   max. wt. =    113.882                                       *
*                                                               *
**************   chi**2/iteration = 0.3830       ****************

 Writing out intermediate results for iteration           9

************* Integration by Vegas (iteration  10) **************
*                                                               *
*  integral  =  217665.79       accum. integral =  217095.23    *
*  std. dev. =  264.34663       accum. std. dev =  88.294948    *
*   max. wt. =    113.882                                       *
*                                                               *
**************   chi**2/iteration = 0.9225       ****************



Value of final tota integral is  1925941.506 +/-   214.398 fb

 Total number of shots       :    215187500
 Total no. failing cuts      :     82202988
 Number failing jet cuts     :            0
 Number failing process cuts :     77693765

   Jet efficiency : 100.00%
   Cut efficiency :  63.12%
 Total efficiency :  63.12%

 Contribution from parton sub-processes:
 ---------------------------------------
       GG     |           0.00000    0.00%
       GQ     |      -84431.30353   -4.38%
       GQB    |      -65494.65575   -3.40%
       QG     |      -84612.58749   -4.39%
       QBG    |      -65360.85130   -3.39%
       QQ     |           0.00000    0.00%
       QBQB   |           0.00000    0.00%
       QQB    |     1113183.31261   57.80%
       QBQ    |     1112657.59140   57.77%
 ---------------------------------------

 ****************************************************
 output files  W_only_tota_CT10nlo_80__80__ATLASWPT11-Wm
 ****************************************************
	 Write out the grid ...
	saving grid N=1	of total 1
size(untrimmed)=57600	size(trimmed)=19524	fraction=33.8958 %
 ***********************************************
 saved grids Tue Apr  8 17:19:13 2014

 ***************************************************
