setup_mcfmbridge()
 ************** MCFM - version 6.8 ****************
 *                                                *
 * MCFM, v6.8                   April 26th, 2014  *
 *                                                *
 * Authors: John Campbell, Keith Ellis,           *
 *          Ciaran Williams                       *
 *         (johnmc@fnal.gov, ellis@fnal.gov,      *
 *          ciaran@fnal.gov)                      *
 *                                                *
 * For details see:                               *
 *                                                *
 *  arXiv:1403.2641 (Triphoton production)        *
 *  arXiv:1312.1628 (gg->WW, Higgs interference)  *
 *  arXiv:1311.3589 (gg->ZZ, Higgs interference)  *
 *  Phys.Rev.D87:114006, arXiv:1302.3856          *
 *  (tZ, tH -- with R. Rontsch)                   *
 *  arXiv:1211.6390 (DM, P. Fox and C. Williams)  *
 *  JHEP 1211:162 (2012), arXiv:1208.0566         *
 *  (Z+gam+jet,Z+gam+gam -- with H. Hartanto)     *
 *  arXiv:1204.1513 (top production+decay)        *
 *  JHEP 1207:052 (2012), arXiv:1204.5678 (ttW)   *
 *  JHEP 1110:005 (2011), arXiv:1107.5569         *
 *         (gg->WW,Higgs intference)              *
 *  JHEP 1107:018 (2011), arXiv:1105.0020         *
 *         (diboson update)                       *
 *  JHEP 1103:027 (2011), arXiv:1011.6647         *
 *         (Wbb for mb>0, with S. Badger)         *
 *  Phys.Rev.D81:074023, arXiv:1001.4495 (H+2jet) *
 *                                                *
 *  P.R.L. 102:142001, arXiv:0903.0005 [hep-ph]   *
 *    (t-channel single top + explicit b,         *
 *      JC, R.Frederix, F.Maltoni, F.Tramontano)  *
 *  N.P.B 726:109(2005), hep-ph/0506289 (W+t)     *
 *  Phys.Rev.D70:094012, hep-ph/0408158 (Sngl Top)*
 *       (with Francesco Tramontano)              *
 *                                                *
 *  Phys.Rev.D65:113007, hep-ph/0202176 (W,Z+2j)  *
 *  Phys.Rev.D62:114012, hep-ph/0006304 (W,Z+bb)  *
 *  Phys.Rev.D60:113006, hep-ph/9905386 (diboson) *
 *                                                *
 * On the web:  http://mcfm.fnal.gov/             *
 **************************************************

 * Using input file named LHCBWZMU7TEV_WP.DAT                                                     

 * [Flags to specify the mode in which MCFM is run]                                          
 *                   -1            [nevtrequested] 
 *                    F            [creatent] 
 *                    F            [skipnt] 
 *                    F            [dswhisto] 
 *                    T            [creategrid] 
 *                    F            [writetop] 
 *                    F            [writedat] 
 *                    F            [writegnu] 
 *                    F            [writeroot] 
 *                    F            [writepwg] 

 * [General options to specify the process and execution]                                    
 *                    1            [nproc] 
 *                 tota            [part] 
 * LHCBWZMU7TEV_WP                 [runstring] 
 *            7000.0000            [sqrts] 
 *                    1            [ih1] 
 *                    1            [ih2] 
 *             126.0000            [hmass] 
 *              80.3980            [scale] 
 *              80.3980            [facscale] 
 * no                              [dynamicscale] 
 *                    F            [zerowidth] 
 *                    F            [removebr] 
 *                   10            [itmx1] 
 *               100000            [ncall1] 
 *                   10            [itmx2] 
 *              2000000            [ncall2] 
 *                 7683            [ij] 
 *                    F            [dryrun] 
 *                    T            [Qflag] 
 *                    T            [Gflag] 

 * [Heavy quark masses]                                                                      
 *             172.5000            [top mass] 
 *               4.1800            [bottom mass] 
 *               1.2700            [charm mass] 

 * [Pdf selection]                                                                           
 *              cteq6_m            [pdlabel] 
 *                    4            [NGROUP] 
 *                   46            [NSET] 
 * NNPDF30_nlo_as_0118             [LHAPDF group] 
 *                    0            [LHAPDF set] 

 * [Jet definition and event cuts]                                                           
 *               0.0000            [m34min] 
 *            7000.0000            [m34max] 
 *               0.0000            [m56min] 
 *            7000.0000            [m56max] 
 *                    T            [inclusive] 
 *                 ankt            [algorithm] 
 *              15.0000            [ptjetmin] 
 *               0.0000            [etajetmin] 
 *               3.0000            [etajetmax] 
 *               0.5000            [Rcut] 
 *                    T            [makecuts] 
 *              20.0000            [leptpt] 
 *               4.5000            [leptrap] 
 *    0.000,   2.000                [leptveto] 
 *               0.0000            [misspt] 
 *               0.0000            [leptpt2] 
 *              99.0000            [leptrap2] 
 *    0.000,   0.000                [leptveto2] 
 *               0.0000            [mtrans34cut] 
 *               0.0000            [Rjlmin] 
 *               0.0000            [Rllmin] 
 *               0.0000            [delyjjmin] 
 *                    F            [jetsopphem] 
 *                    0            [lbjscheme] 
 *               0.0000            [ptbjetmin] 
 *              99.0000            [etabjetmax] 

 * [Settings for photon processes]                                                           
 *                    F            [frag] 
 *             GdRG__LO            [fragset] 
 *              80.0000            [frag_scale] 
 *              20.0000            [gammpt] 
 *               2.5000            [gammrap] 
 *              20.0000            [gammpt2] 
 *              20.0000            [gammpt3] 
 *               0.0000            [Rgalmin] 
 *               0.4000            [Rgagamin] 
 *               0.4000            [Rgajetmin] 
 *               0.4000            [cone_ang] 
 *               0.5000            [epsilon_h] 

 * [Anomalous couplings of the W and Z]                                                      
 *               0.0000            [delg1_z] 
 *               0.0000            [delk_z] 
 *               0.0000            [delk_g] 
 *               0.0000            [lambda_z] 
 *               0.0000            [lambda_g] 
 *               0.0000            [h1Z] 
 *               0.0000            [h1gam] 
 *               0.0000            [h2Z] 
 *               0.0000            [h2gam] 
 *               0.0000            [h3Z] 
 *               0.0000            [h3gam] 
 *               0.0000            [h4Z] 
 *               0.0000            [h4gam] 
 *               2.0000            [tevscale] 

 * [Anomalous width of the Higgs]                                                            
 *               1.0000            [Gamma_H/Gamma_H(SM)] 

 * [How to resume/save a run]                                                                
 *                    F            [readin] 
 *                    F            [writeout] 
 *                                 [ingridfile] 
 *                                 [outgridfile] 

 * [Technical parameters that should not normally be changed]

 *                    F            [debug] 
 *                    T            [verbose] 
 *                    F            [new_pspace] 
 *                    F            [virtonly] 
 *                    F            [realonly] 
 *                    T            [spira] 
 *                    F            [noglue] 
 *                    F            [ggonly] 
 *                    F            [gqonly] 
 *                    F            [omitgg] 
 *                    F            [vanillafiles] 
 *                    1            [nmin] 
LHAPDF 6.1.6 loading /home/guffanti/software/share/LHAPDF/NNPDF30_nlo_as_0118/NNPDF30_nlo_as_0118_0000.dat
NNPDF30_nlo_as_0118 PDF set, member #0, version 2; LHAPDF ID = 260000
LHAPDF 6.1.6 loading /home/guffanti/software/share/LHAPDF/NNPDF30_nlo_as_0118/NNPDF30_nlo_as_0118_0000.dat
NNPDF30_nlo_as_0118 PDF set, member #0, version 2; LHAPDF ID = 260000
 ***********************************************
 booking the grids Sat Jun 25 19:37:32 2016

Dataset ID: LHCBWZMU7TEV_WP
LHCb W+ -> mu+ nu rapidity distribution, 1 fb-1, 7 TeV

Using existing grid file LHCBWZMU7TEV_WP_leptrap.root
appl::grid() reading grid from file LHCBWZMU7TEV_WP_leptrap.root	version 1.4.70
grid::grid() read ckm matrices
appl::grid::addpdf() creating new lumi_pdf mcfmwp.config
lumi_pdf::lumi_pdf() setting W+ cmk matrix
lumi_pdf::lumi_pdf() mcfmwp.config	combinations 6
appl::grid() read grid, size 8 kB	in 185.441 ms	trim in 0.034 ms
grid::optimise() bin 0		size(untrimmed)=85	size(trimmed)=85
grid::optimise() bin 1		size(untrimmed)=82	size(trimmed)=82
grid::optimise() bin 2		size(untrimmed)=78	size(trimmed)=78
grid::optimise() bin 3		size(untrimmed)=70	size(trimmed)=70
grid::optimise() bin 4		size(untrimmed)=67	size(trimmed)=67
grid::optimise() bin 5		size(untrimmed)=63	size(trimmed)=63
grid::optimise() bin 6		size(untrimmed)=64	size(trimmed)=64
grid::optimise() bin 7		size(untrimmed)=49	size(trimmed)=49
grid::optimise() bin 0		size(untrimmed)=183	size(trimmed)=183
grid::optimise() bin 1		size(untrimmed)=174	size(trimmed)=174
grid::optimise() bin 2		size(untrimmed)=175	size(trimmed)=175
grid::optimise() bin 3		size(untrimmed)=160	size(trimmed)=160
grid::optimise() bin 4		size(untrimmed)=163	size(trimmed)=163
grid::optimise() bin 5		size(untrimmed)=148	size(trimmed)=148
grid::optimise() bin 6		size(untrimmed)=148	size(trimmed)=148
grid::optimise() bin 7		size(untrimmed)=128	size(trimmed)=128
==================================================
appl::grid version 1.4.70	( 6-LO, 6-NLO, initial states, 8 observable bins )
Optimised grid
Unsymmetrised in x1, x2
leading order of processes  0
number of loops for grid    1
x->y coordinate transform:  f2
genpdf in use: mcfmwp.config
--------------------------------------------------
Observable binning: [ 8 bins : 2,  4.5 ]
0	    2	-  2.25	   	 x:  [ 40 :	 0.00198403 -       1	 : 40 :	 3.829e-05 - 0.394528	 : 	( order=6 ) ]	 Q2: [ 3 :	 6463.83 - 6463.85	( order=1 ) ]
1	 2.25	-   2.5	   	 x:  [ 40 :	 0.00380231 -       1	 : 40 :	 1.98005e-05 - 0.310509	 : 	( order=6 ) ]	 Q2: [ 3 :	 6463.83 - 6463.85	( order=1 ) ]
2	  2.5	-  2.75	   	 x:  [ 40 :	 0.00380231 -       1	 : 40 :	 1.98005e-05 - 0.234633	 : 	( order=6 ) ]	 Q2: [ 3 :	 6463.83 - 6463.85	( order=1 ) ]
3	 2.75	-     3	   	 x:  [ 40 :	 0.00722862 -       1	 : 40 :	 1.98005e-05 - 0.310509	 : 	( order=6 ) ]	 Q2: [ 3 :	 6463.83 - 6463.85	( order=1 ) ]
4	    3	-  3.25	   	 x:  [ 40 :	 0.00722862 -       1	 : 40 :	 1.02388e-05 - 0.234633	 : 	( order=6 ) ]	 Q2: [ 3 :	 6463.83 - 6463.85	( order=1 ) ]
5	 3.25	-   3.5	   	 x:  [ 40 :	 0.0135453 -       1	 : 40 :	 1.02388e-05 - 0.234633	 : 	( order=6 ) ]	 Q2: [ 3 :	 6463.83 - 6463.85	( order=1 ) ]
6	  3.5	-     4	   	 x:  [ 40 :	 0.0135453 -       1	 : 40 :	 5.29435e-06 - 0.485106	 : 	( order=6 ) ]	 Q2: [ 3 :	 6463.83 - 6463.85	( order=1 ) ]
7	    4	-   4.5	   	 x:  [ 40 :	 0.0247667 -       1	 : 40 :	 5.29435e-06 - 0.234633	 : 	( order=6 ) ]	 Q2: [ 3 :	 6463.83 - 6463.85	( order=1 ) ]


 ***********************************************
 *                    2            [nmax] 
 *                    T            [clustering] 
 *                    F            [realwt] 
 *                    0            [colourchoice] 
 *               0.0100            [rtsmin] 
 *               0.0001            [cutoff] 
 *               0.2000            [aii] 
 *               0.2000            [aif] 
 *               0.2000            [afi] 
 *               1.0000            [aff] 
 *               1.0000            [bfi] 
 *               1.0000            [bff] 

 Chooser:process chosen by nproc=           1

 *************************** f(p1)+f(p2) --> ******************************************
 * W^+(-->nu(p3)+e^+(p4))                                                             *
 **************************************************************************************


 *******************************************
 *     MCFM is calling LHAPDF              *
 *                                         *
 *   PDFname NNPDF30_nlo_as_0118.LHpdf     *
 *   PDFmember  0                          *
 *******************************************

 ************** Electroweak parameters **************
 *                                                  *
 *  zmass(+)   91.1876000     wmass(+)  80.3850000  *
 * zwidth(+)    2.4952000    wwidth(+)   2.0850000  *
 *     Gf(+) 0.116637D-04   1/aemmz    132.2342161  *
 *     xw       0.2228972      mtop(+) 172.5000000  *
 *   gwsq       0.4263452       esq      0.0950312  *
 * top width    1.4546477 (LO)                      *
 *    mb        4.1800000        mc      1.2700000  *
 *                                                  *
 * Parameters marked (+) are input, others derived  *
 ****************************************************

 *******************************************
 *     MCFM is calling LHAPDF              *
 *                                         *
 *   PDFname NNPDF30_nlo_as_0118.LHpdf     *
 *   PDFmember  0                          *
 *******************************************


 ***************** CKM mixing matrix ****************
 *                                                  *
 *      Vud=.97419    Vus=.22570    Vub=.35900E-02  *
 *      Vcd=.22560    Vcs=.97334    Vcb=.41500E-01  *
 ****************************************************

 ************* Strong coupling, alpha_s  ************
 *                                                  *
 *       alpha_s (scale)  0.12028768                *
 *       alpha_s (zmass)  0.11800230                *
 *         (using 2-loop running of alpha_s)        *
 ****************************************************

 ****************************************
 *     Cross section in femtobarns      *
 ****************************************


 input parameters for vegas:  ndim=  5  ncall=  98304.
                              it=    0  itmx=   10
                              nprn=  0  alph= 1.50
                              mds=  1   nd= 100
                              xl( 1)=   0.000     xu( 1)=   1.000    
                              xl( 2)=   0.000     xu( 2)=   1.000    
                              xl( 3)=   0.000     xu( 3)=   1.000    
                              xl( 4)=   0.000     xu( 4)=   1.000    
                              xl( 5)=   0.000     xu( 5)=   1.000    

 ****************** Basic mass cuts *****************
 *                                                  *
 *              0.00  <   m34  <  7000.00           *
 *              0.00  <   m56  <  7000.00           *
 ****************************************************

 ****************** Generic cuts ********************
 *                                                  *
 *        pt(lepton)      >    20.00 GeV            *
 *      |eta(lepton)|     <     4.50                *
 *       pt(missing)      >     0.00 GeV            *
 *     pt(2nd+ lepton)    >     0.00 GeV            *
 *   |eta(2nd+ lepton)|   <    99.00                *
 *  (3,4) transverse mass >     0.00 GeV            *
 *      R(jet,lepton)     >     0.00                *
 *     R(lepton,lepton)   >     0.00                *
 * |eta(jet1)-eta(jet2)|  >     0.00                *
 ****************************************************
 Poles cancelled!

************* Integration by Vegas (iteration   1) **************
*                                                               *
*  integral  =  1530850.8       accum. integral =  1530850.8    *
*  std. dev. =  6709.9902       accum. std. dev =  6709.9902    *
*   max. wt. =    299.813                                       *
*                                                               *
**************   chi**2/iteration =  0.000       ****************


************* Integration by Vegas (iteration   2) **************
*                                                               *
*  integral  =  1525806.6       accum. integral =  1527109.9    *
*  std. dev. =  3960.5654       accum. std. dev =  3410.7414    *
*   max. wt. =    299.813                                       *
*                                                               *
**************   chi**2/iteration = 0.4150       ****************


************* Integration by Vegas (iteration   3) **************
*                                                               *
*  integral  =  1523446.1       accum. integral =  1525370.6    *
*  std. dev. =  3587.6317       accum. std. dev =  2471.9283    *
*   max. wt. =    373.148                                       *
*                                                               *
**************   chi**2/iteration = 0.4810       ****************


************* Integration by Vegas (iteration   4) **************
*                                                               *
*  integral  =  1529817.8       accum. integral =  1526729.1    *
*  std. dev. =  3727.2065       accum. std. dev =  2060.0474    *
*   max. wt. =    759.406                                       *
*                                                               *
**************   chi**2/iteration = 0.6497       ****************


************* Integration by Vegas (iteration   5) **************
*                                                               *
*  integral  =  1527075.0       accum. integral =  1526814.5    *
*  std. dev. =  3599.2904       accum. std. dev =  1787.9133    *
*   max. wt. =    956.059                                       *
*                                                               *
**************   chi**2/iteration = 0.4894       ****************


************* Integration by Vegas (iteration   6) **************
*                                                               *
*  integral  =  1525188.4       accum. integral =  1526496.3    *
*  std. dev. =  3625.1532       accum. std. dev =  1603.4981    *
*   max. wt. =    956.059                                       *
*                                                               *
**************   chi**2/iteration = 0.4240       ****************


************* Integration by Vegas (iteration   7) **************
*                                                               *
*  integral  =  1538706.8       accum. integral =  1528451.2    *
*  std. dev. =  3672.6878       accum. std. dev =  1469.5414    *
*   max. wt. =    956.059                                       *
*                                                               *
**************   chi**2/iteration =  1.898       ****************


************* Integration by Vegas (iteration   8) **************
*                                                               *
*  integral  =  1524100.4       accum. integral =  1527835.8    *
*  std. dev. =  3620.4337       accum. std. dev =  1361.6462    *
*   max. wt. =    956.059                                       *
*                                                               *
**************   chi**2/iteration =  1.804       ****************


************* Integration by Vegas (iteration   9) **************
*                                                               *
*  integral  =  1524073.0       accum. integral =  1527378.7    *
*  std. dev. =  3661.6347       accum. std. dev =  1276.2582    *
*   max. wt. =    956.059                                       *
*                                                               *
**************   chi**2/iteration =  1.695       ****************


************* Integration by Vegas (iteration  10) **************
*                                                               *
*  integral  =  1530642.9       accum. integral =  1527740.7    *
*  std. dev. =  3613.3211       accum. std. dev =  1203.3979    *
*   max. wt. =    956.059                                       *
*                                                               *
**************   chi**2/iteration =  1.587       ****************

 ****************************************************
 * Writing out vegas grid to W_only_tota_NNPDF30_80__80__LHCBWZMU7TEV_WP_dvegas_virt.grid                                                          *
 ****************************************************
 Adjusting number of points for real to     1000000

 input parameters for vegas:  ndim=  7  ncall= 839808.
                              it=   11  itmx=   10
                              nprn=  0  alph= 1.50
                              mds=  1   nd= 100
                              xl( 1)=   0.000     xu( 1)=   1.000    
                              xl( 2)=   0.000     xu( 2)=   1.000    
                              xl( 3)=   0.000     xu( 3)=   1.000    
                              xl( 4)=   0.000     xu( 4)=   1.000    
                              xl( 5)=   0.000     xu( 5)=   1.000    
                              xl( 6)=   0.000     xu( 6)=   1.000    
                              xl( 7)=   0.000     xu( 7)=   1.000    

 *********** Basic jet-defining parameters **********
 *     (Anti-kt algorithm - see arXiv:0802.1189)    *
 *                                                  *
 *     pt(jet)         >  15.0000                   *
 *   |pseudo-rap(jet)| >   0.0000                   *
 *   |pseudo-rap(jet)| <   3.0000                   *
 * pseudo-cone size, R :   0.5000                   *
 *                                                  *
 *    Cross-section defined by:   0 <= jets <= 1    *
 ****************************************************

************* Integration by Vegas (iteration   1) **************
*                                                               *
*  integral  =  147058.88       accum. integral =  147058.88    *
*  std. dev. =  14550.254       accum. std. dev =  14550.254    *
*   max. wt. =    10379.2                                       *
*                                                               *
**************   chi**2/iteration =  0.000       ****************


************* Integration by Vegas (iteration   2) **************
*                                                               *
*  integral  =  177743.02       accum. integral =  151749.96    *
*  std. dev. =  34250.194       accum. std. dev =  13391.904    *
*   max. wt. =    33539.8                                       *
*                                                               *
**************   chi**2/iteration = 0.6732       ****************


************* Integration by Vegas (iteration   3) **************
*                                                               *
*  integral  =  148227.54       accum. integral =  149092.52    *
*  std. dev. =  7640.3417       accum. std. dev =  6636.2716    *
*   max. wt. =    33539.8                                       *
*                                                               *
**************   chi**2/iteration = 0.3642       ****************


************* Integration by Vegas (iteration   4) **************
*                                                               *
*  integral  =  151706.07       accum. integral =  151251.85    *
*  std. dev. =  3043.6388       accum. std. dev =  2766.5468    *
*   max. wt. =    33539.8                                       *
*                                                               *
**************   chi**2/iteration = 0.2858       ****************


************* Integration by Vegas (iteration   5) **************
*                                                               *
*  integral  =  141053.42       accum. integral =  145334.88    *
*  std. dev. =  2353.3362       accum. std. dev =  1792.5329    *
*   max. wt. =    33539.8                                       *
*                                                               *
**************   chi**2/iteration =  2.181       ****************


************* Integration by Vegas (iteration   6) **************
*                                                               *
*  integral  =  142055.03       accum. integral =  144592.59    *
*  std. dev. =  3314.2663       accum. std. dev =  1576.6963    *
*   max. wt. =    33539.8                                       *
*                                                               *
**************   chi**2/iteration =  1.897       ****************


************* Integration by Vegas (iteration   7) **************
*                                                               *
*  integral  =  148050.93       accum. integral =  145311.88    *
*  std. dev. =  3076.7761       accum. std. dev =  1403.1825    *
*   max. wt. =    33539.8                                       *
*                                                               *
**************   chi**2/iteration =  1.748       ****************


************* Integration by Vegas (iteration   8) **************
*                                                               *
*  integral  =  149542.45       accum. integral =  146277.72    *
*  std. dev. =  2579.7884       accum. std. dev =  1232.6452    *
*   max. wt. =    33539.8                                       *
*                                                               *
**************   chi**2/iteration =  1.794       ****************


************* Integration by Vegas (iteration   9) **************
*                                                               *
*  integral  =  141639.70       accum. integral =  145106.47    *
*  std. dev. =  2120.6793       accum. std. dev =  1065.6979    *
*   max. wt. =    33539.8                                       *
*                                                               *
**************   chi**2/iteration =  2.017       ****************


************* Integration by Vegas (iteration  10) **************
*                                                               *
*  integral  =  147384.37       accum. integral =  145593.98    *
*  std. dev. =  2042.2777       accum. std. dev =  944.80091    *
*   max. wt. =    33539.8                                       *
*                                                               *
**************   chi**2/iteration =  1.901       ****************

 ****************************************************
 * Writing out vegas grid to W_only_tota_NNPDF30_80__80__LHCBWZMU7TEV_WP_dvegas_real.grid                                                          *
 ****************************************************

 ****************************************************
 * Reading in vegas grid from W_only_tota_NNPDF30_80__80__LHCBWZMU7TEV_WP_dvegas_virt.grid                                                         *
 ****************************************************

 input parameters for vegas:  ndim=  5  ncall=1518750.
                              it=   11  itmx=   10
                              nprn=  0  alph= 1.50
                              mds=  1   nd= 100
                              xl( 1)=   0.000     xu( 1)=   1.000    
                              xl( 2)=   0.000     xu( 2)=   1.000    
                              xl( 3)=   0.000     xu( 3)=   1.000    
                              xl( 4)=   0.000     xu( 4)=   1.000    
                              xl( 5)=   0.000     xu( 5)=   1.000    
fill_grid() filled 1000000 weights Sat Jun 25 19:48:18 2016

************* Integration by Vegas (iteration   1) **************
*                                                               *
*  integral  =  1526827.6       accum. integral =  1526827.6    *
*  std. dev. =  791.77128       accum. std. dev =  791.77128    *
*   max. wt. =    55.3323                                       *
*                                                               *
**************   chi**2/iteration = 0.9313E-07   ****************

 Writing out intermediate results for iteration           1
fill_grid() filled 2000000 weights Sat Jun 25 19:52:12 2016

************* Integration by Vegas (iteration   2) **************
*                                                               *
*  integral  =  1527355.8       accum. integral =  1527078.4    *
*  std. dev. =  832.60036       accum. std. dev =  573.75805    *
*   max. wt. =    155.006                                       *
*                                                               *
**************   chi**2/iteration = 0.2093       ****************

 Writing out intermediate results for iteration           2
fill_grid() filled 3000000 weights Sat Jun 25 19:56:06 2016

************* Integration by Vegas (iteration   3) **************
*                                                               *
*  integral  =  1525891.4       accum. integral =  1526670.9    *
*  std. dev. =  793.60354       accum. std. dev =  464.96684    *
*   max. wt. =    155.006                                       *
*                                                               *
**************   chi**2/iteration = 0.8361       ****************

 Writing out intermediate results for iteration           3
fill_grid() filled 4000000 weights Sat Jun 25 20:00:00 2016

************* Integration by Vegas (iteration   4) **************
*                                                               *
*  integral  =  1527746.1       accum. integral =  1526942.3    *
*  std. dev. =  800.32007       accum. std. dev =  402.04039    *
*   max. wt. =    155.006                                       *
*                                                               *
**************   chi**2/iteration =  1.007       ****************

 Writing out intermediate results for iteration           4
fill_grid() filled 5000000 weights Sat Jun 25 20:03:55 2016

************* Integration by Vegas (iteration   5) **************
*                                                               *
*  integral  =  1527824.4       accum. integral =  1527123.0    *
*  std. dev. =  792.12023       accum. std. dev =  358.50669    *
*   max. wt. =    155.006                                       *
*                                                               *
**************   chi**2/iteration =  1.002       ****************

 Writing out intermediate results for iteration           5
fill_grid() filled 6000000 weights Sat Jun 25 20:07:49 2016

************* Integration by Vegas (iteration   6) **************
*                                                               *
*  integral  =  1527639.8       accum. integral =  1527201.6    *
*  std. dev. =  846.43789       accum. std. dev =  330.11714    *
*   max. wt. =    204.627                                       *
*                                                               *
**************   chi**2/iteration = 0.8648       ****************

 Writing out intermediate results for iteration           6
fill_grid() filled 7000000 weights Sat Jun 25 20:11:43 2016
 problems with xx(1),xx(2) in gen2   4.9390375497947260E-009  0.33302718725961988     

************* Integration by Vegas (iteration   7) **************
*                                                               *
*  integral  =  1527061.5       accum. integral =  1527180.8    *
*  std. dev. =  789.92020       accum. std. dev =  304.58868    *
*   max. wt. =    204.627                                       *
*                                                               *
**************   chi**2/iteration = 0.7253       ****************

 Writing out intermediate results for iteration           7
fill_grid() filled 8000000 weights Sat Jun 25 20:15:37 2016

************* Integration by Vegas (iteration   8) **************
*                                                               *
*  integral  =  1527394.2       accum. integral =  1527206.6    *
*  std. dev. =  819.90362       accum. std. dev =  285.52309    *
*   max. wt. =    204.627                                       *
*                                                               *
**************   chi**2/iteration = 0.6303       ****************

 Writing out intermediate results for iteration           8
fill_grid() filled 9000000 weights Sat Jun 25 20:19:29 2016

************* Integration by Vegas (iteration   9) **************
*                                                               *
*  integral  =  1528074.1       accum. integral =  1527304.4    *
*  std. dev. =  801.14187       accum. std. dev =  268.95270    *
*   max. wt. =    204.627                                       *
*                                                               *
**************   chi**2/iteration = 0.6815       ****************

 Writing out intermediate results for iteration           9
fill_grid() filled 10000000 weights Sat Jun 25 20:23:23 2016

************* Integration by Vegas (iteration  10) **************
*                                                               *
*  integral  =  1527853.6       accum. integral =  1527356.4    *
*  std. dev. =  832.02492       accum. std. dev =  255.91445    *
*   max. wt. =    204.627                                       *
*                                                               *
**************   chi**2/iteration = 0.6497       ****************

 Adjusting number of points for real to    20000000
 ****************************************************
 * Reading in vegas grid from W_only_tota_NNPDF30_80__80__LHCBWZMU7TEV_WP_dvegas_real.grid                                                         *
 ****************************************************

 input parameters for vegas:  ndim=  7  ncall=********
                              it=   11  itmx=   10
                              nprn=  0  alph= 1.50
                              mds=  1   nd= 100
                              xl( 1)=   0.000     xu( 1)=   1.000    
                              xl( 2)=   0.000     xu( 2)=   1.000    
                              xl( 3)=   0.000     xu( 3)=   1.000    
                              xl( 4)=   0.000     xu( 4)=   1.000    
                              xl( 5)=   0.000     xu( 5)=   1.000    
                              xl( 6)=   0.000     xu( 6)=   1.000    
                              xl( 7)=   0.000     xu( 7)=   1.000    
fill_grid() filled 11000000 weights Sat Jun 25 20:24:58 2016
fill_grid() filled 12000000 weights Sat Jun 25 20:26:24 2016
fill_grid() filled 13000000 weights Sat Jun 25 20:27:45 2016
fill_grid() filled 14000000 weights Sat Jun 25 20:29:06 2016
fill_grid() filled 15000000 weights Sat Jun 25 20:30:28 2016
fill_grid() filled 16000000 weights Sat Jun 25 20:31:48 2016
fill_grid() filled 17000000 weights Sat Jun 25 20:33:09 2016
fill_grid() filled 18000000 weights Sat Jun 25 20:34:28 2016
fill_grid() filled 19000000 weights Sat Jun 25 20:35:48 2016
fill_grid() filled 20000000 weights Sat Jun 25 20:37:07 2016
fill_grid() filled 21000000 weights Sat Jun 25 20:38:27 2016
fill_grid() filled 22000000 weights Sat Jun 25 20:39:45 2016
fill_grid() filled 23000000 weights Sat Jun 25 20:41:04 2016
fill_grid() filled 24000000 weights Sat Jun 25 20:42:22 2016
fill_grid() filled 25000000 weights Sat Jun 25 20:43:41 2016
fill_grid() filled 26000000 weights Sat Jun 25 20:44:58 2016
fill_grid() filled 27000000 weights Sat Jun 25 20:46:16 2016
fill_grid() filled 28000000 weights Sat Jun 25 20:47:30 2016
fill_grid() filled 29000000 weights Sat Jun 25 20:48:45 2016

************* Integration by Vegas (iteration   1) **************
*                                                               *
*  integral  =  144570.99       accum. integral =  144570.99    *
*  std. dev. =  448.11678       accum. std. dev =  448.11678    *
*   max. wt. =    204.627                                       *
*                                                               *
**************   chi**2/iteration =  0.000       ****************

 Writing out intermediate results for iteration           1
fill_grid() filled 30000000 weights Sat Jun 25 20:50:08 2016
fill_grid() filled 31000000 weights Sat Jun 25 20:51:42 2016
fill_grid() filled 32000000 weights Sat Jun 25 20:53:07 2016
fill_grid() filled 33000000 weights Sat Jun 25 20:54:32 2016
fill_grid() filled 34000000 weights Sat Jun 25 20:55:56 2016
fill_grid() filled 35000000 weights Sat Jun 25 20:57:18 2016
fill_grid() filled 36000000 weights Sat Jun 25 20:58:41 2016
fill_grid() filled 37000000 weights Sat Jun 25 21:00:02 2016
fill_grid() filled 38000000 weights Sat Jun 25 21:01:24 2016
fill_grid() filled 39000000 weights Sat Jun 25 21:02:44 2016
fill_grid() filled 40000000 weights Sat Jun 25 21:04:05 2016
fill_grid() filled 41000000 weights Sat Jun 25 21:05:25 2016
fill_grid() filled 42000000 weights Sat Jun 25 21:06:46 2016
fill_grid() filled 43000000 weights Sat Jun 25 21:08:05 2016
fill_grid() filled 44000000 weights Sat Jun 25 21:09:24 2016
fill_grid() filled 45000000 weights Sat Jun 25 21:10:39 2016
fill_grid() filled 46000000 weights Sat Jun 25 21:11:56 2016
fill_grid() filled 47000000 weights Sat Jun 25 21:13:09 2016
fill_grid() filled 48000000 weights Sat Jun 25 21:14:21 2016

************* Integration by Vegas (iteration   2) **************
*                                                               *
*  integral  =  143544.28       accum. integral =  144036.01    *
*  std. dev. =  429.62071       accum. std. dev =  310.12042    *
*   max. wt. =    204.627                                       *
*                                                               *
**************   chi**2/iteration =  2.708       ****************

 Writing out intermediate results for iteration           2
fill_grid() filled 49000000 weights Sat Jun 25 21:15:36 2016
fill_grid() filled 50000000 weights Sat Jun 25 21:17:04 2016
fill_grid() filled 51000000 weights Sat Jun 25 21:18:27 2016
fill_grid() filled 52000000 weights Sat Jun 25 21:19:47 2016
fill_grid() filled 53000000 weights Sat Jun 25 21:21:06 2016
fill_grid() filled 54000000 weights Sat Jun 25 21:22:25 2016
fill_grid() filled 55000000 weights Sat Jun 25 21:23:42 2016
fill_grid() filled 56000000 weights Sat Jun 25 21:25:01 2016
fill_grid() filled 57000000 weights Sat Jun 25 21:26:17 2016
fill_grid() filled 58000000 weights Sat Jun 25 21:27:35 2016
fill_grid() filled 59000000 weights Sat Jun 25 21:28:52 2016
fill_grid() filled 60000000 weights Sat Jun 25 21:30:09 2016
fill_grid() filled 61000000 weights Sat Jun 25 21:31:25 2016
fill_grid() filled 62000000 weights Sat Jun 25 21:32:41 2016
fill_grid() filled 63000000 weights Sat Jun 25 21:33:57 2016
fill_grid() filled 64000000 weights Sat Jun 25 21:35:13 2016
fill_grid() filled 65000000 weights Sat Jun 25 21:36:27 2016
fill_grid() filled 66000000 weights Sat Jun 25 21:37:42 2016
fill_grid() filled 67000000 weights Sat Jun 25 21:38:53 2016
fill_grid() filled 68000000 weights Sat Jun 25 21:40:04 2016

************* Integration by Vegas (iteration   3) **************
*                                                               *
*  integral  =  144028.56       accum. integral =  144033.36    *
*  std. dev. =  417.65689       accum. std. dev =  248.98692    *
*   max. wt. =    204.627                                       *
*                                                               *
**************   chi**2/iteration =  1.361       ****************

 Writing out intermediate results for iteration           3
fill_grid() filled 69000000 weights Sat Jun 25 21:41:23 2016
fill_grid() filled 70000000 weights Sat Jun 25 21:42:52 2016
fill_grid() filled 71000000 weights Sat Jun 25 21:44:13 2016
fill_grid() filled 72000000 weights Sat Jun 25 21:45:33 2016
fill_grid() filled 73000000 weights Sat Jun 25 21:46:52 2016
fill_grid() filled 74000000 weights Sat Jun 25 21:48:10 2016
fill_grid() filled 75000000 weights Sat Jun 25 21:49:28 2016
fill_grid() filled 76000000 weights Sat Jun 25 21:50:45 2016
fill_grid() filled 77000000 weights Sat Jun 25 21:52:02 2016
fill_grid() filled 78000000 weights Sat Jun 25 21:53:19 2016
fill_grid() filled 79000000 weights Sat Jun 25 21:54:36 2016
fill_grid() filled 80000000 weights Sat Jun 25 21:55:52 2016
fill_grid() filled 81000000 weights Sat Jun 25 21:57:09 2016
fill_grid() filled 82000000 weights Sat Jun 25 21:58:24 2016
fill_grid() filled 83000000 weights Sat Jun 25 21:59:40 2016
fill_grid() filled 84000000 weights Sat Jun 25 22:00:56 2016
fill_grid() filled 85000000 weights Sat Jun 25 22:02:10 2016
fill_grid() filled 86000000 weights Sat Jun 25 22:03:25 2016
fill_grid() filled 87000000 weights Sat Jun 25 22:04:35 2016
fill_grid() filled 88000000 weights Sat Jun 25 22:05:45 2016

************* Integration by Vegas (iteration   4) **************
*                                                               *
*  integral  =  144553.86       accum. integral =  144187.93    *
*  std. dev. =  383.09738       accum. std. dev =  208.76806    *
*   max. wt. =    204.627                                       *
*                                                               *
**************   chi**2/iteration =  1.340       ****************

 Writing out intermediate results for iteration           4
fill_grid() filled 89000000 weights Sat Jun 25 22:07:07 2016
fill_grid() filled 90000000 weights Sat Jun 25 22:08:36 2016
fill_grid() filled 91000000 weights Sat Jun 25 22:09:58 2016
fill_grid() filled 92000000 weights Sat Jun 25 22:11:18 2016
fill_grid() filled 93000000 weights Sat Jun 25 22:12:23 2016
fill_grid() filled 94000000 weights Sat Jun 25 22:13:16 2016
fill_grid() filled 95000000 weights Sat Jun 25 22:14:10 2016
fill_grid() filled 96000000 weights Sat Jun 25 22:15:15 2016
fill_grid() filled 97000000 weights Sat Jun 25 22:16:34 2016
fill_grid() filled 98000000 weights Sat Jun 25 22:17:52 2016
fill_grid() filled 99000000 weights Sat Jun 25 22:19:11 2016
fill_grid() filled 100000000 weights Sat Jun 25 22:20:28 2016
fill_grid() filled 101000000 weights Sat Jun 25 22:21:46 2016
fill_grid() filled 102000000 weights Sat Jun 25 22:23:03 2016
fill_grid() filled 103000000 weights Sat Jun 25 22:24:21 2016
fill_grid() filled 104000000 weights Sat Jun 25 22:25:36 2016
fill_grid() filled 105000000 weights Sat Jun 25 22:26:53 2016
fill_grid() filled 106000000 weights Sat Jun 25 22:28:07 2016
fill_grid() filled 107000000 weights Sat Jun 25 22:29:19 2016

************* Integration by Vegas (iteration   5) **************
*                                                               *
*  integral  =  144042.62       accum. integral =  144156.22    *
*  std. dev. =  395.15597       accum. std. dev =  184.59010    *
*   max. wt. =    204.627                                       *
*                                                               *
**************   chi**2/iteration =  1.032       ****************

 Writing out intermediate results for iteration           5
fill_grid() filled 108000000 weights Sat Jun 25 22:30:31 2016
fill_grid() filled 109000000 weights Sat Jun 25 22:32:02 2016
fill_grid() filled 110000000 weights Sat Jun 25 22:33:27 2016
fill_grid() filled 111000000 weights Sat Jun 25 22:34:49 2016
fill_grid() filled 112000000 weights Sat Jun 25 22:36:10 2016
fill_grid() filled 113000000 weights Sat Jun 25 22:37:34 2016
fill_grid() filled 114000000 weights Sat Jun 25 22:38:56 2016
fill_grid() filled 115000000 weights Sat Jun 25 22:40:19 2016
fill_grid() filled 116000000 weights Sat Jun 25 22:41:40 2016
fill_grid() filled 117000000 weights Sat Jun 25 22:43:03 2016
fill_grid() filled 118000000 weights Sat Jun 25 22:44:23 2016
fill_grid() filled 119000000 weights Sat Jun 25 22:45:45 2016
fill_grid() filled 120000000 weights Sat Jun 25 22:47:02 2016
fill_grid() filled 121000000 weights Sat Jun 25 22:48:20 2016
fill_grid() filled 122000000 weights Sat Jun 25 22:49:35 2016
fill_grid() filled 123000000 weights Sat Jun 25 22:50:53 2016
fill_grid() filled 124000000 weights Sat Jun 25 22:52:07 2016
fill_grid() filled 125000000 weights Sat Jun 25 22:53:23 2016
fill_grid() filled 126000000 weights Sat Jun 25 22:54:35 2016
fill_grid() filled 127000000 weights Sat Jun 25 22:55:45 2016

************* Integration by Vegas (iteration   6) **************
*                                                               *
*  integral  =  143701.31       accum. integral =  144071.19    *
*  std. dev. =  384.99097       accum. std. dev =  166.44689    *
*   max. wt. =    204.627                                       *
*                                                               *
**************   chi**2/iteration =  1.053       ****************

 Writing out intermediate results for iteration           6
fill_grid() filled 128000000 weights Sat Jun 25 22:57:03 2016
fill_grid() filled 129000000 weights Sat Jun 25 22:58:34 2016
fill_grid() filled 130000000 weights Sat Jun 25 22:59:56 2016
fill_grid() filled 131000000 weights Sat Jun 25 23:01:18 2016
fill_grid() filled 132000000 weights Sat Jun 25 23:02:37 2016
fill_grid() filled 133000000 weights Sat Jun 25 23:03:57 2016
fill_grid() filled 134000000 weights Sat Jun 25 23:05:16 2016
fill_grid() filled 135000000 weights Sat Jun 25 23:06:34 2016
fill_grid() filled 136000000 weights Sat Jun 25 23:07:52 2016
fill_grid() filled 137000000 weights Sat Jun 25 23:09:09 2016
fill_grid() filled 138000000 weights Sat Jun 25 23:10:26 2016
fill_grid() filled 139000000 weights Sat Jun 25 23:11:43 2016
fill_grid() filled 140000000 weights Sat Jun 25 23:13:00 2016
fill_grid() filled 141000000 weights Sat Jun 25 23:14:16 2016
fill_grid() filled 142000000 weights Sat Jun 25 23:15:33 2016
fill_grid() filled 143000000 weights Sat Jun 25 23:16:49 2016
fill_grid() filled 144000000 weights Sat Jun 25 23:18:05 2016
fill_grid() filled 145000000 weights Sat Jun 25 23:19:20 2016
fill_grid() filled 146000000 weights Sat Jun 25 23:20:31 2016
fill_grid() filled 147000000 weights Sat Jun 25 23:21:42 2016

************* Integration by Vegas (iteration   7) **************
*                                                               *
*  integral  =  144353.23       accum. integral =  144109.07    *
*  std. dev. =  422.58768       accum. std. dev =  154.86696    *
*   max. wt. =    204.627                                       *
*                                                               *
**************   chi**2/iteration = 0.9417       ****************

 Writing out intermediate results for iteration           7
fill_grid() filled 148000000 weights Sat Jun 25 23:23:05 2016
fill_grid() filled 149000000 weights Sat Jun 25 23:24:34 2016
fill_grid() filled 150000000 weights Sat Jun 25 23:25:55 2016
fill_grid() filled 151000000 weights Sat Jun 25 23:27:15 2016
fill_grid() filled 152000000 weights Sat Jun 25 23:28:35 2016
fill_grid() filled 153000000 weights Sat Jun 25 23:29:54 2016
fill_grid() filled 154000000 weights Sat Jun 25 23:31:13 2016
fill_grid() filled 155000000 weights Sat Jun 25 23:32:31 2016
fill_grid() filled 156000000 weights Sat Jun 25 23:33:50 2016
fill_grid() filled 157000000 weights Sat Jun 25 23:35:07 2016
fill_grid() filled 158000000 weights Sat Jun 25 23:36:25 2016
fill_grid() filled 159000000 weights Sat Jun 25 23:37:42 2016
fill_grid() filled 160000000 weights Sat Jun 25 23:38:59 2016
fill_grid() filled 161000000 weights Sat Jun 25 23:40:15 2016
fill_grid() filled 162000000 weights Sat Jun 25 23:41:32 2016
fill_grid() filled 163000000 weights Sat Jun 25 23:42:48 2016
fill_grid() filled 164000000 weights Sat Jun 25 23:44:03 2016
fill_grid() filled 165000000 weights Sat Jun 25 23:45:16 2016
fill_grid() filled 166000000 weights Sat Jun 25 23:46:27 2016

************* Integration by Vegas (iteration   8) **************
*                                                               *
*  integral  =  144439.63       accum. integral =  144151.79    *
*  std. dev. =  402.00154       accum. std. dev =  144.51415    *
*   max. wt. =    204.627                                       *
*                                                               *
**************   chi**2/iteration = 0.8914       ****************

 Writing out intermediate results for iteration           8
fill_grid() filled 167000000 weights Sat Jun 25 23:47:45 2016
fill_grid() filled 168000000 weights Sat Jun 25 23:49:15 2016
fill_grid() filled 169000000 weights Sat Jun 25 23:50:37 2016
fill_grid() filled 170000000 weights Sat Jun 25 23:51:58 2016
fill_grid() filled 171000000 weights Sat Jun 25 23:53:18 2016
fill_grid() filled 172000000 weights Sat Jun 25 23:54:37 2016
fill_grid() filled 173000000 weights Sat Jun 25 23:55:56 2016
fill_grid() filled 174000000 weights Sat Jun 25 23:57:14 2016
fill_grid() filled 175000000 weights Sat Jun 25 23:58:32 2016
fill_grid() filled 176000000 weights Sat Jun 25 23:59:50 2016
fill_grid() filled 177000000 weights Sun Jun 26 00:01:08 2016
fill_grid() filled 178000000 weights Sun Jun 26 00:02:24 2016
fill_grid() filled 179000000 weights Sun Jun 26 00:03:42 2016
fill_grid() filled 180000000 weights Sun Jun 26 00:04:58 2016
fill_grid() filled 181000000 weights Sun Jun 26 00:06:15 2016
fill_grid() filled 182000000 weights Sun Jun 26 00:07:30 2016
fill_grid() filled 183000000 weights Sun Jun 26 00:08:45 2016
fill_grid() filled 184000000 weights Sun Jun 26 00:09:59 2016
fill_grid() filled 185000000 weights Sun Jun 26 00:11:09 2016
fill_grid() filled 186000000 weights Sun Jun 26 00:12:20 2016

************* Integration by Vegas (iteration   9) **************
*                                                               *
*  integral  =  144102.78       accum. integral =  144146.11    *
*  std. dev. =  399.28319       accum. std. dev =  135.88759    *
*   max. wt. =    204.627                                       *
*                                                               *
**************   chi**2/iteration = 0.7818       ****************

 Writing out intermediate results for iteration           9
fill_grid() filled 187000000 weights Sun Jun 26 00:13:48 2016
fill_grid() filled 188000000 weights Sun Jun 26 00:15:16 2016
fill_grid() filled 189000000 weights Sun Jun 26 00:16:37 2016
fill_grid() filled 190000000 weights Sun Jun 26 00:17:57 2016
fill_grid() filled 191000000 weights Sun Jun 26 00:19:18 2016
fill_grid() filled 192000000 weights Sun Jun 26 00:20:38 2016
fill_grid() filled 193000000 weights Sun Jun 26 00:21:59 2016
fill_grid() filled 194000000 weights Sun Jun 26 00:23:19 2016
fill_grid() filled 195000000 weights Sun Jun 26 00:24:39 2016
fill_grid() filled 196000000 weights Sun Jun 26 00:25:58 2016
fill_grid() filled 197000000 weights Sun Jun 26 00:27:18 2016
fill_grid() filled 198000000 weights Sun Jun 26 00:28:36 2016
fill_grid() filled 199000000 weights Sun Jun 26 00:29:56 2016
fill_grid() filled 200000000 weights Sun Jun 26 00:31:13 2016
fill_grid() filled 201000000 weights Sun Jun 26 00:32:32 2016
fill_grid() filled 202000000 weights Sun Jun 26 00:33:49 2016
fill_grid() filled 203000000 weights Sun Jun 26 00:35:06 2016
fill_grid() filled 204000000 weights Sun Jun 26 00:36:18 2016
fill_grid() filled 205000000 weights Sun Jun 26 00:37:30 2016

************* Integration by Vegas (iteration  10) **************
*                                                               *
*  integral  =  144217.65       accum. integral =  144153.88    *
*  std. dev. =  389.25305       accum. std. dev =  128.29466    *
*   max. wt. =    204.627                                       *
*                                                               *
**************   chi**2/iteration = 0.6983       ****************



Value of final tota integral is  1671510.2401 +/-   286.2721 fb

 Total number of shots       :    215187500
 Total no. failing cuts      :    123895548
 Number failing jet cuts     :            0
 Number failing process cuts :    116429922

   Jet efficiency : 100.00%
   Cut efficiency :  43.95%
 Total efficiency :  43.95%

 Contribution from parton sub-processes:
 ---------------------------------------
       GG     |           0.00000    0.00%
       GQ     |      -80690.39269   -4.83%
       GQB    |      -31622.61388   -1.89%
       QG     |      -80827.78818   -4.84%
       QBG    |      -31533.35782   -1.89%
       QQ     |           0.00000    0.00%
       QBQB   |           0.00000    0.00%
       QQB    |      947927.71568   56.71%
       QBQ    |      948256.67701   56.73%
 ---------------------------------------

 ****************************************************
 output files  W_only_tota_NNPDF30_80__80__LHCBWZMU7TEV_WP
 ****************************************************
Write out grids ...
saving grid N=1	of 1	appl::grid::Write() LHCBWZMU7TEV_WP_leptrap.root	dirname grid	pdfname 
writing mcfmwp.config
grid::Write()size(untrimmed)=450 kB	size(trimmed)=136 kB (30.3%)
size(untrimmed)=460800	size(trimmed)=139908	fraction=30.362 %
 ***********************************************
 saved grids Sun Jun 26 00:38:04 2016
 ***********************************************
Thanks for using LHAPDF 6.1.6. Please make sure to cite the paper:
  Eur.Phys.J. C75 (2015) 3, 132  (http://arxiv.org/abs/1412.7420)
