setup_mcfmbridge()
 ************** MCFM - version 6.8 ****************
 *                                                *
 * MCFM, v6.8                   April 26th, 2014  *
 *                                                *
 * Authors: John Campbell, Keith Ellis,           *
 *          Ciaran Williams                       *
 *         (johnmc@fnal.gov, ellis@fnal.gov,      *
 *          ciaran@fnal.gov)                      *
 *                                                *
 * For details see:                               *
 *                                                *
 *  arXiv:1403.2641 (Triphoton production)        *
 *  arXiv:1312.1628 (gg->WW, Higgs interference)  *
 *  arXiv:1311.3589 (gg->ZZ, Higgs interference)  *
 *  Phys.Rev.D87:114006, arXiv:1302.3856          *
 *  (tZ, tH -- with R. Rontsch)                   *
 *  arXiv:1211.6390 (DM, P. Fox and C. Williams)  *
 *  JHEP 1211:162 (2012), arXiv:1208.0566         *
 *  (Z+gam+jet,Z+gam+gam -- with H. Hartanto)     *
 *  arXiv:1204.1513 (top production+decay)        *
 *  JHEP 1207:052 (2012), arXiv:1204.5678 (ttW)   *
 *  JHEP 1110:005 (2011), arXiv:1107.5569         *
 *         (gg->WW,Higgs intference)              *
 *  JHEP 1107:018 (2011), arXiv:1105.0020         *
 *         (diboson update)                       *
 *  JHEP 1103:027 (2011), arXiv:1011.6647         *
 *         (Wbb for mb>0, with S. Badger)         *
 *  Phys.Rev.D81:074023, arXiv:1001.4495 (H+2jet) *
 *                                                *
 *  P.R.L. 102:142001, arXiv:0903.0005 [hep-ph]   *
 *    (t-channel single top + explicit b,         *
 *      JC, R.Frederix, F.Maltoni, F.Tramontano)  *
 *  N.P.B 726:109(2005), hep-ph/0506289 (W+t)     *
 *  Phys.Rev.D70:094012, hep-ph/0408158 (Sngl Top)*
 *       (with Francesco Tramontano)              *
 *                                                *
 *  Phys.Rev.D65:113007, hep-ph/0202176 (W,Z+2j)  *
 *  Phys.Rev.D62:114012, hep-ph/0006304 (W,Z+bb)  *
 *  Phys.Rev.D60:113006, hep-ph/9905386 (diboson) *
 *                                                *
 * On the web:  http://mcfm.fnal.gov/             *
 **************************************************

 * Using input file named LHCBWZMU8TEV_WP.DAT                                                     

 * [Flags to specify the mode in which MCFM is run]                                          
 *                   -1            [nevtrequested] 
 *                    F            [creatent] 
 *                    F            [skipnt] 
 *                    F            [dswhisto] 
 *                    T            [creategrid] 
 *                    F            [writetop] 
 *                    F            [writedat] 
 *                    F            [writegnu] 
 *                    F            [writeroot] 
 *                    F            [writepwg] 

 * [General options to specify the process and execution]                                    
 *                    1            [nproc] 
 *                 tota            [part] 
 * LHCBWZMU8TEV_WP                 [runstring] 
 *            8000.0000            [sqrts] 
 *                    1            [ih1] 
 *                    1            [ih2] 
 *             126.0000            [hmass] 
 *              80.3980            [scale] 
 *              80.3980            [facscale] 
 * no                              [dynamicscale] 
 *                    F            [zerowidth] 
 *                    F            [removebr] 
 *                   10            [itmx1] 
 *               100000            [ncall1] 
 *                   10            [itmx2] 
 *              2000000            [ncall2] 
 *                46531            [ij] 
 *                    F            [dryrun] 
 *                    T            [Qflag] 
 *                    T            [Gflag] 

 * [Heavy quark masses]                                                                      
 *             172.5000            [top mass] 
 *               4.1800            [bottom mass] 
 *               1.2700            [charm mass] 

 * [Pdf selection]                                                                           
 *              cteq6_m            [pdlabel] 
 *                    4            [NGROUP] 
 *                   46            [NSET] 
 * NNPDF30_nlo_as_0118             [LHAPDF group] 
 *                    0            [LHAPDF set] 

 * [Jet definition and event cuts]                                                           
 *               0.0000            [m34min] 
 *            8000.0000            [m34max] 
 *               0.0000            [m56min] 
 *            8000.0000            [m56max] 
 *                    T            [inclusive] 
 *                 ankt            [algorithm] 
 *              15.0000            [ptjetmin] 
 *               0.0000            [etajetmin] 
 *               3.0000            [etajetmax] 
 *               0.5000            [Rcut] 
 *                    T            [makecuts] 
 *              20.0000            [leptpt] 
 *               4.5000            [leptrap] 
 *    0.000,   2.000                [leptveto] 
 *               0.0000            [misspt] 
 *               0.0000            [leptpt2] 
 *              99.0000            [leptrap2] 
 *    0.000,   0.000                [leptveto2] 
 *               0.0000            [mtrans34cut] 
 *               0.0000            [Rjlmin] 
 *               0.0000            [Rllmin] 
 *               0.0000            [delyjjmin] 
 *                    F            [jetsopphem] 
 *                    0            [lbjscheme] 
 *               0.0000            [ptbjetmin] 
 *              99.0000            [etabjetmax] 

 * [Settings for photon processes]                                                           
 *                    F            [frag] 
 *             GdRG__LO            [fragset] 
 *              80.0000            [frag_scale] 
 *              20.0000            [gammpt] 
 *               2.5000            [gammrap] 
 *              20.0000            [gammpt2] 
 *              20.0000            [gammpt3] 
 *               0.0000            [Rgalmin] 
 *               0.4000            [Rgagamin] 
 *               0.4000            [Rgajetmin] 
 *               0.4000            [cone_ang] 
 *               0.5000            [epsilon_h] 

 * [Anomalous couplings of the W and Z]                                                      
 *               0.0000            [delg1_z] 
 *               0.0000            [delk_z] 
 *               0.0000            [delk_g] 
 *               0.0000            [lambda_z] 
 *               0.0000            [lambda_g] 
 *               0.0000            [h1Z] 
 *               0.0000            [h1gam] 
 *               0.0000            [h2Z] 
 *               0.0000            [h2gam] 
 *               0.0000            [h3Z] 
 *               0.0000            [h3gam] 
 *               0.0000            [h4Z] 
 *               0.0000            [h4gam] 
 *               2.0000            [tevscale] 

 * [Anomalous width of the Higgs]                                                            
 *               1.0000            [Gamma_H/Gamma_H(SM)] 

 * [How to resume/save a run]                                                                
 *                    F            [readin] 
 *                    F            [writeout] 
 *                                 [ingridfile] 
 *                                 [outgridfile] 

 * [Technical parameters that should not normally be changed]

 *                    F            [debug] 
 *                    T            [verbose] 
 *                    F            [new_pspace] 
 *                    F            [virtonly] 
 *                    F            [realonly] 
 *                    T            [spira] 
 *                    F            [noglue] 
 *                    F            [ggonly] 
 *                    F            [gqonly] 
 *                    F            [omitgg] 
 *                    F            [vanillafiles] 
 *                    1            [nmin] 
LHAPDF 6.1.6 loading /home/guffanti/software/share/LHAPDF/NNPDF30_nlo_as_0118/NNPDF30_nlo_as_0118_0000.dat
NNPDF30_nlo_as_0118 PDF set, member #0, version 2; LHAPDF ID = 260000
LHAPDF 6.1.6 loading /home/guffanti/software/share/LHAPDF/NNPDF30_nlo_as_0118/NNPDF30_nlo_as_0118_0000.dat
NNPDF30_nlo_as_0118 PDF set, member #0, version 2; LHAPDF ID = 260000
 ***********************************************
 booking the grids Sat Jun 25 19:37:43 2016

Dataset ID: LHCBWZMU8TEV_WP
LHCb W+ -> mu+ nu rapidity distribution, 2 fb-1, 8 TeV

Using existing grid file LHCBWZMU8TEV_WP_leptrap.root
appl::grid() reading grid from file LHCBWZMU8TEV_WP_leptrap.root	version 1.4.70
grid::grid() read ckm matrices
appl::grid::addpdf() creating new lumi_pdf mcfmwp.config
lumi_pdf::lumi_pdf() setting W+ cmk matrix
lumi_pdf::lumi_pdf() mcfmwp.config	combinations 6
appl::grid() read grid, size 8 kB	in 186.334 ms	trim in 0.035 ms
grid::optimise() bin 0		size(untrimmed)=87	size(trimmed)=87
grid::optimise() bin 1		size(untrimmed)=87	size(trimmed)=87
grid::optimise() bin 2		size(untrimmed)=81	size(trimmed)=81
grid::optimise() bin 3		size(untrimmed)=74	size(trimmed)=74
grid::optimise() bin 4		size(untrimmed)=73	size(trimmed)=73
grid::optimise() bin 5		size(untrimmed)=67	size(trimmed)=67
grid::optimise() bin 6		size(untrimmed)=61	size(trimmed)=61
grid::optimise() bin 7		size(untrimmed)=57	size(trimmed)=57
grid::optimise() bin 0		size(untrimmed)=184	size(trimmed)=184
grid::optimise() bin 1		size(untrimmed)=177	size(trimmed)=177
grid::optimise() bin 2		size(untrimmed)=177	size(trimmed)=177
grid::optimise() bin 3		size(untrimmed)=178	size(trimmed)=178
grid::optimise() bin 4		size(untrimmed)=167	size(trimmed)=167
grid::optimise() bin 5		size(untrimmed)=166	size(trimmed)=166
grid::optimise() bin 6		size(untrimmed)=152	size(trimmed)=152
grid::optimise() bin 7		size(untrimmed)=135	size(trimmed)=135
==================================================
appl::grid version 1.4.70	( 6-LO, 6-NLO, initial states, 8 observable bins )
Optimised grid
Unsymmetrised in x1, x2
leading order of processes  0
number of loops for grid    1
x->y coordinate transform:  f2
genpdf in use: mcfmwp.config
--------------------------------------------------
Observable binning: [ 8 bins : 2,  4.5 ]
0	    2	-  2.25	   	 x:  [ 40 :	 0.00198403 -       1	 : 40 :	 3.829e-05 - 0.394528	 : 	( order=6 ) ]	 Q2: [ 3 :	 6463.83 - 6463.85	( order=1 ) ]
1	 2.25	-   2.5	   	 x:  [ 40 :	 0.00380231 -       1	 : 40 :	 1.98005e-05 - 0.394528	 : 	( order=6 ) ]	 Q2: [ 3 :	 6463.83 - 6463.85	( order=1 ) ]
2	  2.5	-  2.75	   	 x:  [ 40 :	 0.00380231 -       1	 : 40 :	 1.98005e-05 - 0.310509	 : 	( order=6 ) ]	 Q2: [ 3 :	 6463.83 - 6463.85	( order=1 ) ]
3	 2.75	-     3	   	 x:  [ 40 :	 0.00380231 -       1	 : 40 :	 1.02388e-05 - 0.234633	 : 	( order=6 ) ]	 Q2: [ 3 :	 6463.83 - 6463.85	( order=1 ) ]
4	    3	-  3.25	   	 x:  [ 40 :	 0.00722862 -       1	 : 40 :	 1.02388e-05 -  0.1687	 : 	( order=6 ) ]	 Q2: [ 3 :	 6463.83 - 6463.85	( order=1 ) ]
5	 3.25	-   3.5	   	 x:  [ 40 :	 0.00722862 -       1	 : 40 :	 1.02388e-05 - 0.234633	 : 	( order=6 ) ]	 Q2: [ 3 :	 6463.83 - 6463.85	( order=1 ) ]
6	  3.5	-     4	   	 x:  [ 40 :	 0.0135453 -       1	 : 40 :	 5.29435e-06 - 0.114425	 : 	( order=6 ) ]	 Q2: [ 3 :	 6463.83 - 6463.85	( order=1 ) ]
7	    4	-   4.5	   	 x:  [ 40 :	 0.0247667 -       1	 : 40 :	 5.29435e-06 - 0.234633	 : 	( order=6 ) ]	 Q2: [ 3 :	 6463.83 - 6463.85	( order=1 ) ]


 ***********************************************
 *                    2            [nmax] 
 *                    T            [clustering] 
 *                    F            [realwt] 
 *                    0            [colourchoice] 
 *               0.0100            [rtsmin] 
 *               0.0001            [cutoff] 
 *               0.2000            [aii] 
 *               0.2000            [aif] 
 *               0.2000            [afi] 
 *               1.0000            [aff] 
 *               1.0000            [bfi] 
 *               1.0000            [bff] 

 Chooser:process chosen by nproc=           1

 *************************** f(p1)+f(p2) --> ******************************************
 * W^+(-->nu(p3)+e^+(p4))                                                             *
 **************************************************************************************


 *******************************************
 *     MCFM is calling LHAPDF              *
 *                                         *
 *   PDFname NNPDF30_nlo_as_0118.LHpdf     *
 *   PDFmember  0                          *
 *******************************************

 ************** Electroweak parameters **************
 *                                                  *
 *  zmass(+)   91.1876000     wmass(+)  80.3850000  *
 * zwidth(+)    2.4952000    wwidth(+)   2.0850000  *
 *     Gf(+) 0.116637D-04   1/aemmz    132.2342161  *
 *     xw       0.2228972      mtop(+) 172.5000000  *
 *   gwsq       0.4263452       esq      0.0950312  *
 * top width    1.4546477 (LO)                      *
 *    mb        4.1800000        mc      1.2700000  *
 *                                                  *
 * Parameters marked (+) are input, others derived  *
 ****************************************************

 *******************************************
 *     MCFM is calling LHAPDF              *
 *                                         *
 *   PDFname NNPDF30_nlo_as_0118.LHpdf     *
 *   PDFmember  0                          *
 *******************************************


 ***************** CKM mixing matrix ****************
 *                                                  *
 *      Vud=.97419    Vus=.22570    Vub=.35900E-02  *
 *      Vcd=.22560    Vcs=.97334    Vcb=.41500E-01  *
 ****************************************************

 ************* Strong coupling, alpha_s  ************
 *                                                  *
 *       alpha_s (scale)  0.12028768                *
 *       alpha_s (zmass)  0.11800230                *
 *         (using 2-loop running of alpha_s)        *
 ****************************************************

 ****************************************
 *     Cross section in femtobarns      *
 ****************************************


 input parameters for vegas:  ndim=  5  ncall=  98304.
                              it=    0  itmx=   10
                              nprn=  0  alph= 1.50
                              mds=  1   nd= 100
                              xl( 1)=   0.000     xu( 1)=   1.000    
                              xl( 2)=   0.000     xu( 2)=   1.000    
                              xl( 3)=   0.000     xu( 3)=   1.000    
                              xl( 4)=   0.000     xu( 4)=   1.000    
                              xl( 5)=   0.000     xu( 5)=   1.000    

 ****************** Basic mass cuts *****************
 *                                                  *
 *              0.00  <   m34  <  8000.00           *
 *              0.00  <   m56  <  8000.00           *
 ****************************************************

 ****************** Generic cuts ********************
 *                                                  *
 *        pt(lepton)      >    20.00 GeV            *
 *      |eta(lepton)|     <     4.50                *
 *       pt(missing)      >     0.00 GeV            *
 *     pt(2nd+ lepton)    >     0.00 GeV            *
 *   |eta(2nd+ lepton)|   <    99.00                *
 *  (3,4) transverse mass >     0.00 GeV            *
 *      R(jet,lepton)     >     0.00                *
 *     R(lepton,lepton)   >     0.00                *
 * |eta(jet1)-eta(jet2)|  >     0.00                *
 ****************************************************
 Poles cancelled!
 problems with xx(1),xx(2) in gen2  0.75724250396811021        1.7724495983843784E-009

************* Integration by Vegas (iteration   1) **************
*                                                               *
*  integral  =  1876410.4       accum. integral =  1876410.4    *
*  std. dev. =  8009.6202       accum. std. dev =  8009.6202    *
*   max. wt. =    348.933                                       *
*                                                               *
**************   chi**2/iteration = 0.7276E-09   ****************


************* Integration by Vegas (iteration   2) **************
*                                                               *
*  integral  =  1866473.3       accum. integral =  1869120.8    *
*  std. dev. =  4826.9987       accum. std. dev =  4134.2757    *
*   max. wt. =    348.933                                       *
*                                                               *
**************   chi**2/iteration =  1.118       ****************


************* Integration by Vegas (iteration   3) **************
*                                                               *
*  integral  =  1865040.4       accum. integral =  1867151.1    *
*  std. dev. =  4279.7599       accum. std. dev =  2973.4770    *
*   max. wt. =    557.548                                       *
*                                                               *
**************   chi**2/iteration = 0.7957       ****************


************* Integration by Vegas (iteration   4) **************
*                                                               *
*  integral  =  1865489.8       accum. integral =  1866639.2    *
*  std. dev. =  4455.5790       accum. std. dev =  2473.2902    *
*   max. wt. =    873.414                                       *
*                                                               *
**************   chi**2/iteration = 0.5633       ****************


************* Integration by Vegas (iteration   5) **************
*                                                               *
*  integral  =  1879119.4       accum. integral =  1869072.9    *
*  std. dev. =  5025.1960       accum. std. dev =  2219.0776    *
*   max. wt. =    2007.71                                       *
*                                                               *
**************   chi**2/iteration =  1.661       ****************


************* Integration by Vegas (iteration   6) **************
*                                                               *
*  integral  =  1871308.8       accum. integral =  1869513.9    *
*  std. dev. =  4476.4664       accum. std. dev =  1988.1948    *
*   max. wt. =    2007.71                                       *
*                                                               *
**************   chi**2/iteration =  1.369       ****************


************* Integration by Vegas (iteration   7) **************
*                                                               *
*  integral  =  1865173.9       accum. integral =  1868759.5    *
*  std. dev. =  4334.4523       accum. std. dev =  1807.1498    *
*   max. wt. =    2007.71                                       *
*                                                               *
**************   chi**2/iteration =  1.279       ****************


************* Integration by Vegas (iteration   8) **************
*                                                               *
*  integral  =  1869226.3       accum. integral =  1868817.1    *
*  std. dev. =  4818.2593       accum. std. dev =  1692.0522    *
*   max. wt. =    2264.21                                       *
*                                                               *
**************   chi**2/iteration =  1.098       ****************


************* Integration by Vegas (iteration   9) **************
*                                                               *
*  integral  =  1870754.7       accum. integral =  1869065.2    *
*  std. dev. =  4414.9139       accum. std. dev =  1579.9868    *
*   max. wt. =    2264.21                                       *
*                                                               *
**************   chi**2/iteration = 0.9820       ****************


************* Integration by Vegas (iteration  10) **************
*                                                               *
*  integral  =  1866361.8       accum. integral =  1868733.3    *
*  std. dev. =  4223.1465       accum. std. dev =  1479.8128    *
*   max. wt. =    2264.21                                       *
*                                                               *
**************   chi**2/iteration = 0.9129       ****************

 ****************************************************
 * Writing out vegas grid to W_only_tota_NNPDF30_80__80__LHCBWZMU8TEV_WP_dvegas_virt.grid                                                          *
 ****************************************************
 Adjusting number of points for real to     1000000

 input parameters for vegas:  ndim=  7  ncall= 839808.
                              it=   11  itmx=   10
                              nprn=  0  alph= 1.50
                              mds=  1   nd= 100
                              xl( 1)=   0.000     xu( 1)=   1.000    
                              xl( 2)=   0.000     xu( 2)=   1.000    
                              xl( 3)=   0.000     xu( 3)=   1.000    
                              xl( 4)=   0.000     xu( 4)=   1.000    
                              xl( 5)=   0.000     xu( 5)=   1.000    
                              xl( 6)=   0.000     xu( 6)=   1.000    
                              xl( 7)=   0.000     xu( 7)=   1.000    

 *********** Basic jet-defining parameters **********
 *     (Anti-kt algorithm - see arXiv:0802.1189)    *
 *                                                  *
 *     pt(jet)         >  15.0000                   *
 *   |pseudo-rap(jet)| >   0.0000                   *
 *   |pseudo-rap(jet)| <   3.0000                   *
 * pseudo-cone size, R :   0.5000                   *
 *                                                  *
 *    Cross-section defined by:   0 <= jets <= 1    *
 ****************************************************

************* Integration by Vegas (iteration   1) **************
*                                                               *
*  integral  =  235475.95       accum. integral =  235475.95    *
*  std. dev. =  48294.480       accum. std. dev =  48294.480    *
*   max. wt. =    46000.7                                       *
*                                                               *
**************   chi**2/iteration =  0.000       ****************


************* Integration by Vegas (iteration   2) **************
*                                                               *
*  integral  =  184400.05       accum. integral =  185119.95    *
*  std. dev. =  5774.4494       accum. std. dev =  5733.6099    *
*   max. wt. =    46000.7                                       *
*                                                               *
**************   chi**2/iteration =  1.092       ****************


************* Integration by Vegas (iteration   3) **************
*                                                               *
*  integral  =  185601.11       accum. integral =  185415.22    *
*  std. dev. =  4549.3213       accum. std. dev =  3563.7848    *
*   max. wt. =    46000.7                                       *
*                                                               *
**************   chi**2/iteration = 0.5508       ****************


************* Integration by Vegas (iteration   4) **************
*                                                               *
*  integral  =  190696.12       accum. integral =  187888.33    *
*  std. dev. =  3797.2700       accum. std. dev =  2598.6006    *
*   max. wt. =    46000.7                                       *
*                                                               *
**************   chi**2/iteration = 0.7094       ****************


************* Integration by Vegas (iteration   5) **************
*                                                               *
*  integral  =  193521.73       accum. integral =  190205.36    *
*  std. dev. =  3108.8930       accum. std. dev =  1993.8201    *
*   max. wt. =    46000.7                                       *
*                                                               *
**************   chi**2/iteration =  1.015       ****************


************* Integration by Vegas (iteration   6) **************
*                                                               *
*  integral  =  196344.68       accum. integral =  192152.92    *
*  std. dev. =  2925.0843       accum. std. dev =  1647.4943    *
*   max. wt. =    46000.7                                       *
*                                                               *
**************   chi**2/iteration =  1.412       ****************


************* Integration by Vegas (iteration   7) **************
*                                                               *
*  integral  =  194269.83       accum. integral =  192805.33    *
*  std. dev. =  2468.3591       accum. std. dev =  1370.3056    *
*   max. wt. =    46000.7                                       *
*                                                               *
**************   chi**2/iteration =  1.262       ****************


************* Integration by Vegas (iteration   8) **************
*                                                               *
*  integral  =  188338.57       accum. integral =  191909.74    *
*  std. dev. =  2736.3345       accum. std. dev =  1225.2553    *
*   max. wt. =    46000.7                                       *
*                                                               *
**************   chi**2/iteration =  1.386       ****************


************* Integration by Vegas (iteration   9) **************
*                                                               *
*  integral  =  186530.90       accum. integral =  190869.03    *
*  std. dev. =  2501.5641       accum. std. dev =  1100.3562    *
*   max. wt. =    46000.7                                       *
*                                                               *
**************   chi**2/iteration =  1.678       ****************


************* Integration by Vegas (iteration  10) **************
*                                                               *
*  integral  =  186860.71       accum. integral =  190534.61    *
*  std. dev. =  3647.1271       accum. std. dev =  1053.4545    *
*   max. wt. =    46000.7                                       *
*                                                               *
**************   chi**2/iteration =  1.615       ****************

 ****************************************************
 * Writing out vegas grid to W_only_tota_NNPDF30_80__80__LHCBWZMU8TEV_WP_dvegas_real.grid                                                          *
 ****************************************************

 ****************************************************
 * Reading in vegas grid from W_only_tota_NNPDF30_80__80__LHCBWZMU8TEV_WP_dvegas_virt.grid                                                         *
 ****************************************************

 input parameters for vegas:  ndim=  5  ncall=1518750.
                              it=   11  itmx=   10
                              nprn=  0  alph= 1.50
                              mds=  1   nd= 100
                              xl( 1)=   0.000     xu( 1)=   1.000    
                              xl( 2)=   0.000     xu( 2)=   1.000    
                              xl( 3)=   0.000     xu( 3)=   1.000    
                              xl( 4)=   0.000     xu( 4)=   1.000    
                              xl( 5)=   0.000     xu( 5)=   1.000    
fill_grid() filled 1000000 weights Sat Jun 25 19:48:35 2016

************* Integration by Vegas (iteration   1) **************
*                                                               *
*  integral  =  1868076.9       accum. integral =  1868076.9    *
*  std. dev. =  954.92660       accum. std. dev =  954.92660    *
*   max. wt. =    95.9062                                       *
*                                                               *
**************   chi**2/iteration =  0.000       ****************

 Writing out intermediate results for iteration           1
fill_grid() filled 2000000 weights Sat Jun 25 19:52:30 2016
 problems with xx(1),xx(2) in gen2   3.9557533490214081E-009  0.64804619591440649     

************* Integration by Vegas (iteration   2) **************
*                                                               *
*  integral  =  1869776.4       accum. integral =  1868903.7    *
*  std. dev. =  981.09841       accum. std. dev =  684.30060    *
*   max. wt. =    243.680                                       *
*                                                               *
**************   chi**2/iteration =  1.526       ****************

 Writing out intermediate results for iteration           2
fill_grid() filled 3000000 weights Sat Jun 25 19:56:26 2016

************* Integration by Vegas (iteration   3) **************
*                                                               *
*  integral  =  1867221.3       accum. integral =  1868324.3    *
*  std. dev. =  944.13528       accum. std. dev =  554.07198    *
*   max. wt. =    243.680                                       *
*                                                               *
**************   chi**2/iteration =  1.802       ****************

 Writing out intermediate results for iteration           3
fill_grid() filled 4000000 weights Sat Jun 25 20:00:22 2016

************* Integration by Vegas (iteration   4) **************
*                                                               *
*  integral  =  1867849.0       accum. integral =  1868213.0    *
*  std. dev. =  1002.2679       accum. std. dev =  484.90848    *
*   max. wt. =    243.680                                       *
*                                                               *
**************   chi**2/iteration =  1.261       ****************

 Writing out intermediate results for iteration           4
fill_grid() filled 5000000 weights Sat Jun 25 20:04:19 2016

************* Integration by Vegas (iteration   5) **************
*                                                               *
*  integral  =  1869578.6       accum. integral =  1868494.8    *
*  std. dev. =  951.00578       accum. std. dev =  431.99287    *
*   max. wt. =    243.680                                       *
*                                                               *
**************   chi**2/iteration =  1.354       ****************

 Writing out intermediate results for iteration           5
fill_grid() filled 6000000 weights Sat Jun 25 20:08:16 2016

************* Integration by Vegas (iteration   6) **************
*                                                               *
*  integral  =  1867062.4       accum. integral =  1868250.5    *
*  std. dev. =  952.64007       accum. std. dev =  393.43119    *
*   max. wt. =    243.680                                       *
*                                                               *
**************   chi**2/iteration =  1.458       ****************

 Writing out intermediate results for iteration           6
fill_grid() filled 7000000 weights Sat Jun 25 20:12:13 2016

************* Integration by Vegas (iteration   7) **************
*                                                               *
*  integral  =  1867535.9       accum. integral =  1868150.0    *
*  std. dev. =  972.77766       accum. std. dev =  364.73048    *
*   max. wt. =    243.680                                       *
*                                                               *
**************   chi**2/iteration =  1.293       ****************

 Writing out intermediate results for iteration           7
fill_grid() filled 8000000 weights Sat Jun 25 20:16:09 2016

************* Integration by Vegas (iteration   8) **************
*                                                               *
*  integral  =  1867773.2       accum. integral =  1868104.2    *
*  std. dev. =  980.34882       accum. std. dev =  341.83913    *
*   max. wt. =    243.680                                       *
*                                                               *
**************   chi**2/iteration =  1.127       ****************

 Writing out intermediate results for iteration           8
fill_grid() filled 9000000 weights Sat Jun 25 20:20:03 2016

************* Integration by Vegas (iteration   9) **************
*                                                               *
*  integral  =  1868074.1       accum. integral =  1868100.9    *
*  std. dev. =  973.05048       accum. std. dev =  322.51610    *
*   max. wt. =    243.680                                       *
*                                                               *
**************   chi**2/iteration = 0.9863       ****************

 Writing out intermediate results for iteration           9
fill_grid() filled 10000000 weights Sat Jun 25 20:23:57 2016
 problems with xx(1),xx(2) in gen2   7.6116598621569401E-002   9.9032696530273075E-009

************* Integration by Vegas (iteration  10) **************
*                                                               *
*  integral  =  1868561.8       accum. integral =  1868145.5    *
*  std. dev. =  985.12509       accum. std. dev =  306.50811    *
*   max. wt. =    243.680                                       *
*                                                               *
**************   chi**2/iteration = 0.8988       ****************

 Adjusting number of points for real to    20000000
 ****************************************************
 * Reading in vegas grid from W_only_tota_NNPDF30_80__80__LHCBWZMU8TEV_WP_dvegas_real.grid                                                         *
 ****************************************************

 input parameters for vegas:  ndim=  7  ncall=********
                              it=   11  itmx=   10
                              nprn=  0  alph= 1.50
                              mds=  1   nd= 100
                              xl( 1)=   0.000     xu( 1)=   1.000    
                              xl( 2)=   0.000     xu( 2)=   1.000    
                              xl( 3)=   0.000     xu( 3)=   1.000    
                              xl( 4)=   0.000     xu( 4)=   1.000    
                              xl( 5)=   0.000     xu( 5)=   1.000    
                              xl( 6)=   0.000     xu( 6)=   1.000    
                              xl( 7)=   0.000     xu( 7)=   1.000    
fill_grid() filled 11000000 weights Sat Jun 25 20:25:44 2016
fill_grid() filled 12000000 weights Sat Jun 25 20:27:11 2016
fill_grid() filled 13000000 weights Sat Jun 25 20:28:34 2016
fill_grid() filled 14000000 weights Sat Jun 25 20:29:56 2016
fill_grid() filled 15000000 weights Sat Jun 25 20:31:17 2016
fill_grid() filled 16000000 weights Sat Jun 25 20:32:38 2016
fill_grid() filled 17000000 weights Sat Jun 25 20:33:59 2016
fill_grid() filled 18000000 weights Sat Jun 25 20:35:18 2016
fill_grid() filled 19000000 weights Sat Jun 25 20:36:38 2016
fill_grid() filled 20000000 weights Sat Jun 25 20:37:57 2016
fill_grid() filled 21000000 weights Sat Jun 25 20:39:16 2016
fill_grid() filled 22000000 weights Sat Jun 25 20:40:35 2016
fill_grid() filled 23000000 weights Sat Jun 25 20:41:53 2016
fill_grid() filled 24000000 weights Sat Jun 25 20:43:12 2016
fill_grid() filled 25000000 weights Sat Jun 25 20:44:28 2016
fill_grid() filled 26000000 weights Sat Jun 25 20:45:46 2016
fill_grid() filled 27000000 weights Sat Jun 25 20:47:00 2016
fill_grid() filled 28000000 weights Sat Jun 25 20:48:12 2016

************* Integration by Vegas (iteration   1) **************
*                                                               *
*  integral  =  191171.29       accum. integral =  191171.29    *
*  std. dev. =  603.75153       accum. std. dev =  603.75153    *
*   max. wt. =    243.680                                       *
*                                                               *
**************   chi**2/iteration =  0.000       ****************

 Writing out intermediate results for iteration           1
fill_grid() filled 29000000 weights Sat Jun 25 20:49:25 2016
fill_grid() filled 30000000 weights Sat Jun 25 20:50:56 2016
fill_grid() filled 31000000 weights Sat Jun 25 20:52:22 2016
fill_grid() filled 32000000 weights Sat Jun 25 20:53:44 2016
fill_grid() filled 33000000 weights Sat Jun 25 20:55:05 2016
fill_grid() filled 34000000 weights Sat Jun 25 20:56:26 2016
fill_grid() filled 35000000 weights Sat Jun 25 20:57:46 2016
fill_grid() filled 36000000 weights Sat Jun 25 20:59:06 2016
fill_grid() filled 37000000 weights Sat Jun 25 21:00:25 2016
fill_grid() filled 38000000 weights Sat Jun 25 21:01:45 2016
fill_grid() filled 39000000 weights Sat Jun 25 21:03:04 2016
fill_grid() filled 40000000 weights Sat Jun 25 21:04:22 2016
fill_grid() filled 41000000 weights Sat Jun 25 21:05:41 2016
fill_grid() filled 42000000 weights Sat Jun 25 21:06:59 2016
fill_grid() filled 43000000 weights Sat Jun 25 21:08:17 2016
fill_grid() filled 44000000 weights Sat Jun 25 21:09:34 2016
fill_grid() filled 45000000 weights Sat Jun 25 21:10:51 2016
fill_grid() filled 46000000 weights Sat Jun 25 21:12:07 2016
fill_grid() filled 47000000 weights Sat Jun 25 21:13:19 2016
fill_grid() filled 48000000 weights Sat Jun 25 21:14:31 2016

************* Integration by Vegas (iteration   2) **************
*                                                               *
*  integral  =  191080.67       accum. integral =  191116.97    *
*  std. dev. =  493.56945       accum. std. dev =  382.12854    *
*   max. wt. =    243.680                                       *
*                                                               *
**************   chi**2/iteration = 0.1337E-01   ****************

 Writing out intermediate results for iteration           2
fill_grid() filled 49000000 weights Sat Jun 25 21:16:00 2016
fill_grid() filled 50000000 weights Sat Jun 25 21:17:27 2016
fill_grid() filled 51000000 weights Sat Jun 25 21:18:49 2016
fill_grid() filled 52000000 weights Sat Jun 25 21:20:10 2016
fill_grid() filled 53000000 weights Sat Jun 25 21:21:31 2016
fill_grid() filled 54000000 weights Sat Jun 25 21:22:50 2016
fill_grid() filled 55000000 weights Sat Jun 25 21:24:10 2016
fill_grid() filled 56000000 weights Sat Jun 25 21:25:29 2016
fill_grid() filled 57000000 weights Sat Jun 25 21:26:49 2016
fill_grid() filled 58000000 weights Sat Jun 25 21:28:07 2016
fill_grid() filled 59000000 weights Sat Jun 25 21:29:26 2016
fill_grid() filled 60000000 weights Sat Jun 25 21:30:43 2016
fill_grid() filled 61000000 weights Sat Jun 25 21:32:02 2016
fill_grid() filled 62000000 weights Sat Jun 25 21:33:19 2016
fill_grid() filled 63000000 weights Sat Jun 25 21:34:37 2016
fill_grid() filled 64000000 weights Sat Jun 25 21:35:53 2016
fill_grid() filled 65000000 weights Sat Jun 25 21:37:10 2016
fill_grid() filled 66000000 weights Sat Jun 25 21:38:23 2016
fill_grid() filled 67000000 weights Sat Jun 25 21:39:35 2016

************* Integration by Vegas (iteration   3) **************
*                                                               *
*  integral  =  190857.26       accum. integral =  191031.06    *
*  std. dev. =  543.53812       accum. std. dev =  312.60492    *
*   max. wt. =    243.680                                       *
*                                                               *
**************   chi**2/iteration = 0.8273E-01   ****************

 Writing out intermediate results for iteration           3
fill_grid() filled 68000000 weights Sat Jun 25 21:40:55 2016
fill_grid() filled 69000000 weights Sat Jun 25 21:42:23 2016
fill_grid() filled 70000000 weights Sat Jun 25 21:43:44 2016
fill_grid() filled 71000000 weights Sat Jun 25 21:45:04 2016
fill_grid() filled 72000000 weights Sat Jun 25 21:46:22 2016
fill_grid() filled 73000000 weights Sat Jun 25 21:47:39 2016
fill_grid() filled 74000000 weights Sat Jun 25 21:48:56 2016
fill_grid() filled 75000000 weights Sat Jun 25 21:50:13 2016
fill_grid() filled 76000000 weights Sat Jun 25 21:51:29 2016
fill_grid() filled 77000000 weights Sat Jun 25 21:52:46 2016
fill_grid() filled 78000000 weights Sat Jun 25 21:54:01 2016
fill_grid() filled 79000000 weights Sat Jun 25 21:55:17 2016
fill_grid() filled 80000000 weights Sat Jun 25 21:56:32 2016
fill_grid() filled 81000000 weights Sat Jun 25 21:57:48 2016
fill_grid() filled 82000000 weights Sat Jun 25 21:59:02 2016
fill_grid() filled 83000000 weights Sat Jun 25 22:00:17 2016
fill_grid() filled 84000000 weights Sat Jun 25 22:01:30 2016
fill_grid() filled 85000000 weights Sat Jun 25 22:02:44 2016
fill_grid() filled 86000000 weights Sat Jun 25 22:03:55 2016
fill_grid() filled 87000000 weights Sat Jun 25 22:05:03 2016

************* Integration by Vegas (iteration   4) **************
*                                                               *
*  integral  =  190500.22       accum. integral =  190875.69    *
*  std. dev. =  485.96548       accum. std. dev =  262.90766    *
*   max. wt. =    243.680                                       *
*                                                               *
**************   chi**2/iteration = 0.3356       ****************

 Writing out intermediate results for iteration           4
fill_grid() filled 88000000 weights Sat Jun 25 22:06:12 2016
fill_grid() filled 89000000 weights Sat Jun 25 22:07:42 2016
fill_grid() filled 90000000 weights Sat Jun 25 22:09:08 2016
fill_grid() filled 91000000 weights Sat Jun 25 22:10:30 2016
fill_grid() filled 92000000 weights Sat Jun 25 22:11:50 2016
fill_grid() filled 93000000 weights Sat Jun 25 22:13:10 2016
fill_grid() filled 94000000 weights Sat Jun 25 22:14:29 2016
fill_grid() filled 95000000 weights Sat Jun 25 22:15:48 2016
fill_grid() filled 96000000 weights Sat Jun 25 22:17:05 2016
fill_grid() filled 97000000 weights Sat Jun 25 22:18:24 2016
fill_grid() filled 98000000 weights Sat Jun 25 22:19:41 2016
fill_grid() filled 99000000 weights Sat Jun 25 22:20:59 2016
fill_grid() filled 100000000 weights Sat Jun 25 22:22:15 2016
fill_grid() filled 101000000 weights Sat Jun 25 22:23:33 2016
fill_grid() filled 102000000 weights Sat Jun 25 22:24:49 2016
fill_grid() filled 103000000 weights Sat Jun 25 22:26:06 2016
fill_grid() filled 104000000 weights Sat Jun 25 22:27:20 2016
fill_grid() filled 105000000 weights Sat Jun 25 22:28:36 2016
fill_grid() filled 106000000 weights Sat Jun 25 22:29:48 2016
fill_grid() filled 107000000 weights Sat Jun 25 22:30:58 2016

************* Integration by Vegas (iteration   5) **************
*                                                               *
*  integral  =  190498.24       accum. integral =  190784.33    *
*  std. dev. =  465.23522       accum. std. dev =  228.88847    *
*   max. wt. =    243.680                                       *
*                                                               *
**************   chi**2/iteration = 0.3764       ****************

 Writing out intermediate results for iteration           5
fill_grid() filled 108000000 weights Sat Jun 25 22:32:14 2016
fill_grid() filled 109000000 weights Sat Jun 25 22:33:43 2016
fill_grid() filled 110000000 weights Sat Jun 25 22:35:06 2016
fill_grid() filled 111000000 weights Sat Jun 25 22:36:27 2016
fill_grid() filled 112000000 weights Sat Jun 25 22:37:46 2016
fill_grid() filled 113000000 weights Sat Jun 25 22:39:05 2016
fill_grid() filled 114000000 weights Sat Jun 25 22:40:24 2016
fill_grid() filled 115000000 weights Sat Jun 25 22:41:42 2016
fill_grid() filled 116000000 weights Sat Jun 25 22:43:00 2016
fill_grid() filled 117000000 weights Sat Jun 25 22:44:18 2016
fill_grid() filled 118000000 weights Sat Jun 25 22:45:35 2016
fill_grid() filled 119000000 weights Sat Jun 25 22:46:54 2016
fill_grid() filled 120000000 weights Sat Jun 25 22:48:11 2016
fill_grid() filled 121000000 weights Sat Jun 25 22:49:28 2016
fill_grid() filled 122000000 weights Sat Jun 25 22:50:45 2016
fill_grid() filled 123000000 weights Sat Jun 25 22:52:02 2016
fill_grid() filled 124000000 weights Sat Jun 25 22:53:17 2016
fill_grid() filled 125000000 weights Sat Jun 25 22:54:33 2016
fill_grid() filled 126000000 weights Sat Jun 25 22:55:44 2016
fill_grid() filled 127000000 weights Sat Jun 25 22:56:56 2016

************* Integration by Vegas (iteration   6) **************
*                                                               *
*  integral  =  190441.87       accum. integral =  190723.01    *
*  std. dev. =  490.09622       accum. std. dev =  207.38618    *
*   max. wt. =    243.680                                       *
*                                                               *
**************   chi**2/iteration = 0.3812       ****************

 Writing out intermediate results for iteration           6
fill_grid() filled 128000000 weights Sat Jun 25 22:58:18 2016
fill_grid() filled 129000000 weights Sat Jun 25 22:59:47 2016
fill_grid() filled 130000000 weights Sat Jun 25 23:01:08 2016
fill_grid() filled 131000000 weights Sat Jun 25 23:02:28 2016
fill_grid() filled 132000000 weights Sat Jun 25 23:03:48 2016
fill_grid() filled 133000000 weights Sat Jun 25 23:05:06 2016
fill_grid() filled 134000000 weights Sat Jun 25 23:06:25 2016
fill_grid() filled 135000000 weights Sat Jun 25 23:07:42 2016
fill_grid() filled 136000000 weights Sat Jun 25 23:09:01 2016
fill_grid() filled 137000000 weights Sat Jun 25 23:10:17 2016
fill_grid() filled 138000000 weights Sat Jun 25 23:11:35 2016
fill_grid() filled 139000000 weights Sat Jun 25 23:12:51 2016
fill_grid() filled 140000000 weights Sat Jun 25 23:14:09 2016
fill_grid() filled 141000000 weights Sat Jun 25 23:15:24 2016
fill_grid() filled 142000000 weights Sat Jun 25 23:16:41 2016
fill_grid() filled 143000000 weights Sat Jun 25 23:17:57 2016
fill_grid() filled 144000000 weights Sat Jun 25 23:19:11 2016
fill_grid() filled 145000000 weights Sat Jun 25 23:20:26 2016
fill_grid() filled 146000000 weights Sat Jun 25 23:21:37 2016
fill_grid() filled 147000000 weights Sat Jun 25 23:22:48 2016

************* Integration by Vegas (iteration   7) **************
*                                                               *
*  integral  =  191071.80       accum. integral =  190775.68    *
*  std. dev. =  491.73471       accum. std. dev =  191.08715    *
*   max. wt. =    243.680                                       *
*                                                               *
**************   chi**2/iteration = 0.3889       ****************

 Writing out intermediate results for iteration           7
fill_grid() filled 148000000 weights Sat Jun 25 23:24:12 2016
fill_grid() filled 149000000 weights Sat Jun 25 23:25:41 2016
fill_grid() filled 150000000 weights Sat Jun 25 23:27:02 2016
fill_grid() filled 151000000 weights Sat Jun 25 23:28:22 2016
fill_grid() filled 152000000 weights Sat Jun 25 23:29:42 2016
fill_grid() filled 153000000 weights Sat Jun 25 23:31:01 2016
fill_grid() filled 154000000 weights Sat Jun 25 23:32:20 2016
fill_grid() filled 155000000 weights Sat Jun 25 23:33:38 2016
fill_grid() filled 156000000 weights Sat Jun 25 23:34:56 2016
fill_grid() filled 157000000 weights Sat Jun 25 23:36:13 2016
fill_grid() filled 158000000 weights Sat Jun 25 23:37:31 2016
fill_grid() filled 159000000 weights Sat Jun 25 23:38:48 2016
fill_grid() filled 160000000 weights Sat Jun 25 23:40:06 2016
fill_grid() filled 161000000 weights Sat Jun 25 23:41:22 2016
fill_grid() filled 162000000 weights Sat Jun 25 23:42:39 2016
fill_grid() filled 163000000 weights Sat Jun 25 23:43:55 2016
fill_grid() filled 164000000 weights Sat Jun 25 23:45:11 2016
fill_grid() filled 165000000 weights Sat Jun 25 23:46:25 2016
fill_grid() filled 166000000 weights Sat Jun 25 23:47:39 2016
fill_grid() filled 167000000 weights Sat Jun 25 23:48:54 2016

************* Integration by Vegas (iteration   8) **************
*                                                               *
*  integral  =  191170.19       accum. integral =  190829.56    *
*  std. dev. =  480.45070       accum. std. dev =  177.55893    *
*   max. wt. =    243.680                                       *
*                                                               *
**************   chi**2/iteration = 0.4165       ****************

 Writing out intermediate results for iteration           8
fill_grid() filled 168000000 weights Sat Jun 25 23:50:25 2016
fill_grid() filled 169000000 weights Sat Jun 25 23:51:56 2016
fill_grid() filled 170000000 weights Sat Jun 25 23:53:21 2016
fill_grid() filled 171000000 weights Sat Jun 25 23:54:44 2016
fill_grid() filled 172000000 weights Sat Jun 25 23:56:08 2016
fill_grid() filled 173000000 weights Sat Jun 25 23:57:29 2016
fill_grid() filled 174000000 weights Sat Jun 25 23:58:48 2016
fill_grid() filled 175000000 weights Sun Jun 26 00:00:05 2016
fill_grid() filled 176000000 weights Sun Jun 26 00:01:23 2016
fill_grid() filled 177000000 weights Sun Jun 26 00:02:39 2016
fill_grid() filled 178000000 weights Sun Jun 26 00:03:57 2016
fill_grid() filled 179000000 weights Sun Jun 26 00:05:12 2016
fill_grid() filled 180000000 weights Sun Jun 26 00:06:29 2016
fill_grid() filled 181000000 weights Sun Jun 26 00:07:44 2016
fill_grid() filled 182000000 weights Sun Jun 26 00:09:01 2016
fill_grid() filled 183000000 weights Sun Jun 26 00:10:15 2016
fill_grid() filled 184000000 weights Sun Jun 26 00:11:30 2016
fill_grid() filled 185000000 weights Sun Jun 26 00:12:44 2016
fill_grid() filled 186000000 weights Sun Jun 26 00:13:56 2016
fill_grid() filled 187000000 weights Sun Jun 26 00:15:07 2016

************* Integration by Vegas (iteration   9) **************
*                                                               *
*  integral  =  190239.22       accum. integral =  190761.26    *
*  std. dev. =  490.86973       accum. std. dev =  166.97108    *
*   max. wt. =    243.680                                       *
*                                                               *
**************   chi**2/iteration = 0.5241       ****************

 Writing out intermediate results for iteration           9
fill_grid() filled 188000000 weights Sun Jun 26 00:16:34 2016
fill_grid() filled 189000000 weights Sun Jun 26 00:18:01 2016
fill_grid() filled 190000000 weights Sun Jun 26 00:19:21 2016
fill_grid() filled 191000000 weights Sun Jun 26 00:20:41 2016
fill_grid() filled 192000000 weights Sun Jun 26 00:22:00 2016
fill_grid() filled 193000000 weights Sun Jun 26 00:23:18 2016
fill_grid() filled 194000000 weights Sun Jun 26 00:24:37 2016
fill_grid() filled 195000000 weights Sun Jun 26 00:25:54 2016
fill_grid() filled 196000000 weights Sun Jun 26 00:27:12 2016
fill_grid() filled 197000000 weights Sun Jun 26 00:28:29 2016
fill_grid() filled 198000000 weights Sun Jun 26 00:29:47 2016
fill_grid() filled 199000000 weights Sun Jun 26 00:31:03 2016
fill_grid() filled 200000000 weights Sun Jun 26 00:32:20 2016
fill_grid() filled 201000000 weights Sun Jun 26 00:33:36 2016
fill_grid() filled 202000000 weights Sun Jun 26 00:34:53 2016
fill_grid() filled 203000000 weights Sun Jun 26 00:36:08 2016
fill_grid() filled 204000000 weights Sun Jun 26 00:37:23 2016
fill_grid() filled 205000000 weights Sun Jun 26 00:38:37 2016
fill_grid() filled 206000000 weights Sun Jun 26 00:39:49 2016
fill_grid() filled 207000000 weights Sun Jun 26 00:40:59 2016

************* Integration by Vegas (iteration  10) **************
*                                                               *
*  integral  =  190964.95       accum. integral =  190783.47    *
*  std. dev. =  477.22306       accum. std. dev =  157.60291    *
*   max. wt. =    243.680                                       *
*                                                               *
**************   chi**2/iteration = 0.4840       ****************



Value of final tota integral is  2058929.0033 +/-   344.6533 fb

 Total number of shots       :    215187500
 Total no. failing cuts      :    122397763
 Number failing jet cuts     :            0
 Number failing process cuts :    114707583

   Jet efficiency : 100.00%
   Cut efficiency :  44.72%
 Total efficiency :  44.72%

 Contribution from parton sub-processes:
 ---------------------------------------
       GG     |           0.00000    0.00%
       GQ     |      -98883.25423   -4.80%
       GQB    |      -39792.69954   -1.93%
       QG     |      -99233.68556   -4.82%
       QBG    |      -39634.62661   -1.93%
       QQ     |           0.00000    0.00%
       QBQB   |           0.00000    0.00%
       QQB    |     1168285.27475   56.74%
       QBQ    |     1168187.99448   56.74%
 ---------------------------------------

 ****************************************************
 output files  W_only_tota_NNPDF30_80__80__LHCBWZMU8TEV_WP
 ****************************************************
Write out grids ...
saving grid N=1	of 1	appl::grid::Write() LHCBWZMU8TEV_WP_leptrap.root	dirname grid	pdfname 
writing mcfmwp.config
grid::Write()size(untrimmed)=450 kB	size(trimmed)=138 kB (30.7%)
size(untrimmed)=460800	size(trimmed)=141600	fraction=30.7292 %
 ***********************************************
 saved grids Sun Jun 26 00:41:05 2016
 ***********************************************
Thanks for using LHAPDF 6.1.6. Please make sure to cite the paper:
  Eur.Phys.J. C75 (2015) 3, 132  (http://arxiv.org/abs/1412.7420)
